Log file open, 03/05/22 12:00:01
LogWindows: Failed to load 'aqProf.dll' (GetLastError=126)
LogWindows: File 'aqProf.dll' does not exist
LogWindows: Failed to load 'VtuneApi.dll' (GetLastError=126)
LogWindows: File 'VtuneApi.dll' does not exist
LogWindows: Failed to load 'VtuneApi32e.dll' (GetLastError=126)
LogWindows: File 'VtuneApi32e.dll' does not exist
LogConsoleResponse: Display: Failed to find resolution value strings in scalability ini. Falling back to default.
LogConsoleResponse: Display: Failed to find resolution value strings in scalability ini. Falling back to default.
LogInit: Display: Running engine for game: GameJamYnov
LogPlatformFile: Not using cached read wrapper
LogTaskGraph: Started task graph with 5 named threads and 23 total threads with 3 sets of task threads.
LogStats: Stats thread started at 0.380177
LogICUInternationalization: ICU TimeZone Detection - Raw Offset: +1:00, Platform Override: ''
LogInit: Display: Loading text-based GConfig....
LogPluginManager: Mounting plugin MeshPainting
LogPluginManager: Mounting plugin MegascansPlugin
LogPluginManager: Mounting plugin XGEController
LogPluginManager: Mounting plugin Paper2D
LogPluginManager: Mounting plugin AISupport
LogPluginManager: Mounting plugin EnvironmentQueryEditor
LogPluginManager: Mounting plugin LiveLink
LogPluginManager: Mounting plugin LightPropagationVolume
LogPluginManager: Mounting plugin OodleData
LogPluginManager: Mounting plugin OodleNetwork
LogPluginManager: Mounting plugin AnimationSharing
LogPluginManager: Mounting plugin CLionSourceCodeAccess
LogPluginManager: Mounting plugin CodeLiteSourceCodeAccess
LogPluginManager: Mounting plugin GitSourceControl
LogPluginManager: Mounting plugin KDevelopSourceCodeAccess
LogPluginManager: Mounting plugin NullSourceCodeAccess
LogPluginManager: Mounting plugin PerforceSourceControl
LogPluginManager: Mounting plugin PixWinPlugin
LogPluginManager: Mounting plugin PlasticSourceControl
LogPluginManager: Mounting plugin PropertyAccessNode
LogPluginManager: Mounting plugin PluginUtils
LogPluginManager: Mounting plugin RiderSourceCodeAccess
LogPluginManager: Mounting plugin SubversionSourceControl
LogPluginManager: Mounting plugin TextureFormatOodle
LogPluginManager: Mounting plugin AssetManagerEditor
LogPluginManager: Mounting plugin AlembicImporter
LogPluginManager: Mounting plugin UObjectPlugin
LogPluginManager: Mounting plugin AutomationUtils
LogPluginManager: Mounting plugin BackChannel
LogPluginManager: Mounting plugin ChaosCloth
LogPluginManager: Mounting plugin ChaosClothEditor
LogPluginManager: Mounting plugin ChaosEditor
LogPluginManager: Mounting plugin ChaosNiagara
LogPluginManager: Mounting plugin ChaosSolverPlugin
LogPluginManager: Mounting plugin CharacterAI
LogPluginManager: Mounting plugin GeometryCache
LogPluginManager: Mounting plugin GeometryCollectionPlugin
LogPluginManager: Mounting plugin DatasmithContent
LogPluginManager: Mounting plugin GeometryProcessing
LogPluginManager: Mounting plugin MotoSynth
LogPluginManager: Mounting plugin OpenImageDenoise
LogPluginManager: Mounting plugin VisualStudioSourceCodeAccess
LogPluginManager: Mounting plugin VisualStudioCodeSourceCodeAccess
LogPluginManager: Mounting plugin XCodeSourceCodeAccess
LogPluginManager: Mounting plugin PlanarCut
LogPluginManager: Mounting plugin PlatformCrypto
LogPluginManager: Mounting plugin ProxyLODPlugin
LogPluginManager: Mounting plugin PythonScriptPlugin
LogPluginManager: Mounting plugin VariantManagerContent
LogPluginManager: Mounting plugin SkeletalReduction
LogPluginManager: Mounting plugin Niagara
LogPluginManager: Mounting plugin LuminPlatformFeatures
LogPluginManager: Mounting plugin MagicLeap
LogPluginManager: Mounting plugin MagicLeapLightEstimation
LogPluginManager: Mounting plugin AndroidMedia
LogPluginManager: Mounting plugin MagicLeapMedia
LogPluginManager: Mounting plugin AvfMedia
LogPluginManager: Mounting plugin MagicLeapPassableWorld
LogPluginManager: Mounting plugin MLSDK
LogPluginManager: Mounting plugin MediaCompositing
LogPluginManager: Mounting plugin ImgMedia
LogPluginManager: Mounting plugin MediaPlayerEditor
LogPluginManager: Mounting plugin WebMMedia
LogPluginManager: Mounting plugin WmfMedia
LogPluginManager: Mounting plugin UdpMessaging
LogPluginManager: Mounting plugin TcpMessaging
LogPluginManager: Mounting plugin ActorSequence
LogPluginManager: Mounting plugin LevelSequenceEditor
LogPluginManager: Mounting plugin MatineeToLevelSequence
LogPluginManager: Mounting plugin TemplateSequence
LogPluginManager: Mounting plugin OnlineSubsystem
LogPluginManager: Mounting plugin OnlineSubsystemNull
LogPluginManager: Mounting plugin OnlineSubsystemUtils
LogPluginManager: Mounting plugin LauncherChunkInstaller
LogPluginManager: Mounting plugin AndroidDeviceProfileSelector
LogPluginManager: Mounting plugin AndroidMoviePlayer
LogPluginManager: Mounting plugin AndroidPermission
LogPluginManager: Mounting plugin ActorLayerUtilities
LogPluginManager: Mounting plugin AppleImageUtils
LogPluginManager: Mounting plugin ArchVisCharacter
LogPluginManager: Mounting plugin AssetTags
LogPluginManager: Mounting plugin AppleMoviePlayer
LogPluginManager: Mounting plugin AudioCapture
LogPluginManager: Mounting plugin AudioSynesthesia
LogPluginManager: Mounting plugin ChunkDownloader
LogPluginManager: Mounting plugin CableComponent
LogPluginManager: Mounting plugin CustomMeshComponent
LogPluginManager: Mounting plugin EditableMesh
LogPluginManager: Mounting plugin ExampleDeviceProfileSelector
LogPluginManager: Mounting plugin GoogleCloudMessaging
LogPluginManager: Mounting plugin GooglePAD
LogPluginManager: Mounting plugin IOSDeviceProfileSelector
LogPluginManager: Mounting plugin LinuxDeviceProfileSelector
LogPluginManager: Mounting plugin LocationServicesBPLibrary
LogPluginManager: Mounting plugin MobilePatchingUtils
LogPluginManager: Mounting plugin ScreenshotTools
LogPluginManager: Mounting plugin OpenXR
LogPluginManager: Mounting plugin OpenXREyeTracker
LogPluginManager: Mounting plugin OpenXRHandTracking
LogPluginManager: Mounting plugin PhysXVehicles
LogPluginManager: Mounting plugin PostSplashScreen
LogPluginManager: Mounting plugin PropertyAccessEditor
LogPluginManager: Mounting plugin ProceduralMeshComponent
LogPluginManager: Mounting plugin RuntimePhysXCooking
LogPluginManager: Mounting plugin Takes
LogPluginManager: Mounting plugin SignificanceManager
LogPluginManager: Mounting plugin SoundFields
LogPluginManager: Mounting plugin Synthesis
LogPluginManager: Mounting plugin WebMMoviePlayer
LogPluginManager: Mounting plugin CryptoKeys
LogPluginManager: Mounting plugin CurveEditorTools
LogPluginManager: Mounting plugin DataValidation
LogPluginManager: Mounting plugin EditorScriptingUtilities
LogPluginManager: Mounting plugin FacialAnimation
LogPluginManager: Mounting plugin GameplayTagsEditor
LogPluginManager: Mounting plugin GeometryMode
LogPluginManager: Mounting plugin MaterialAnalyzer
LogPluginManager: Mounting plugin WindowsMoviePlayer
LogPluginManager: Mounting plugin MobileLauncherProfileWizard
LogPluginManager: Mounting plugin PluginBrowser
LogPluginManager: Mounting plugin SpeedTreeImporter
LogPluginManager: Mounting plugin CameraShakePreviewer
LogPluginManager: Mounting plugin MacGraphicsSwitching
LogPluginManager: Mounting plugin GameplayCameras
LogPluginManager: Mounting plugin OnlineSubsystemGooglePlay
LogPluginManager: Mounting plugin OnlineSubsystemIOS
LogPluginManager: Mounting plugin DatabaseSupport
LogPluginManager: Mounting plugin SQLiteSupport
LogPluginManager: Mounting plugin SQLiteCore
LogPluginManager: Mounting plugin OculusVR
LogPluginManager: Mounting plugin SteamVR
LogPluginManager: Mounting plugin ContentBrowserAssetDataSource
LogPluginManager: Mounting plugin ContentBrowserClassDataSource
LogPluginManager: Mounting plugin ContentBrowserFileDataSource
PixWinPlugin: PIX capture plugin failed to initialize! Check that the process is launched from PIX.
LogLuminAPIImpl: Warning: MLSDK not found.  This likely means the MLSDK environment variable is not set.
LogInit: Using libcurl 7.55.1-DEV
LogInit:  - built for x86_64-pc-win32
LogInit:  - supports SSL with OpenSSL/1.1.1
LogInit:  - supports HTTP deflate (compression) using libz 1.2.8
LogInit:  - other features:
LogInit:      CURL_VERSION_SSL
LogInit:      CURL_VERSION_LIBZ
LogInit:      CURL_VERSION_IPV6
LogInit:      CURL_VERSION_ASYNCHDNS
LogInit:      CURL_VERSION_LARGEFILE
LogInit:      CURL_VERSION_IDN
LogInit:  CurlRequestOptions (configurable via config and command line):
LogInit:  - bVerifyPeer = true  - Libcurl will verify peer certificate
LogInit:  - bUseHttpProxy = false  - Libcurl will NOT use HTTP proxy
LogInit:  - bDontReuseConnections = false  - Libcurl will reuse connections
LogInit:  - MaxHostConnections = 16  - Libcurl will limit the number of connections to a host
LogInit:  - LocalHostAddr = Default
LogInit:  - BufferSize = 65536
LogOnline: OSS: Creating online subsystem instance for: NULL
LogInit: WinSock: version 1.1 (2.2), MaxSocks=32767, MaxUdp=65467
LogOnline: OSS: TryLoadSubsystemAndSetDefault: Loaded subsystem for module [NULL]
LogOculusPluginWrapper: OculusPlugin initialized successfully
LogHMD: Failed initializing OVRPlugin 1.59.0
LogInit: Build: ++UE4+Release-4.27-CL-18319896
LogInit: Engine Version: 4.27.2-18319896+++UE4+Release-4.27
LogInit: Compatible Engine Version: 4.27.0-17155196+++UE4+Release-4.27
LogInit: Net CL: 17155196
LogInit: OS: Windows 10 (Release 2009) (), CPU: Intel(R) Core(TM) i7-7700HQ CPU @ 2.80GHz, GPU: NVIDIA GeForce GTX 1060
LogInit: Compiled (64-bit): Nov 30 2021 07:12:08
LogInit: Compiled with Visual C++: 19.24.28315.00
LogInit: Build Configuration: Development
LogInit: Branch Name: ++UE4+Release-4.27
LogInit: Command Line:  -EpicPortal -epicusername=F4R_W3ST -epicuserid=003a3f3b6ad14aa1a79a708547dec87c -epiclocale=fr
LogInit: Base Directory: D:/Epic Games/UE_4.27/Engine/Binaries/Win64/
LogInit: Allocator: TBB
LogInit: Installed Engine Build: 1
LogDevObjectVersion: Number of dev versions registered: 29
LogDevObjectVersion:   Dev-Blueprints (B0D832E4-1F89-4F0D-ACCF-7EB736FD4AA2): 10
LogDevObjectVersion:   Dev-Build (E1C64328-A22C-4D53-A36C-8E866417BD8C): 0
LogDevObjectVersion:   Dev-Core (375EC13C-06E4-48FB-B500-84F0262A717E): 4
LogDevObjectVersion:   Dev-Editor (E4B068ED-F494-42E9-A231-DA0B2E46BB41): 40
LogDevObjectVersion:   Dev-Framework (CFFC743F-43B0-4480-9391-14DF171D2073): 37
LogDevObjectVersion:   Dev-Mobile (B02B49B5-BB20-44E9-A304-32B752E40360): 3
LogDevObjectVersion:   Dev-Networking (A4E4105C-59A1-49B5-A7C5-40C4547EDFEE): 0
LogDevObjectVersion:   Dev-Online (39C831C9-5AE6-47DC-9A44-9C173E1C8E7C): 0
LogDevObjectVersion:   Dev-Physics (78F01B33-EBEA-4F98-B9B4-84EACCB95AA2): 14
LogDevObjectVersion:   Dev-Platform (6631380F-2D4D-43E0-8009-CF276956A95A): 0
LogDevObjectVersion:   Dev-Rendering (12F88B9F-8875-4AFC-A67C-D90C383ABD29): 45
LogDevObjectVersion:   Dev-Sequencer (7B5AE74C-D270-4C10-A958-57980B212A5A): 13
LogDevObjectVersion:   Dev-VR (D7296918-1DD6-4BDD-9DE2-64A83CC13884): 3
LogDevObjectVersion:   Dev-LoadTimes (C2A15278-BFE7-4AFE-6C17-90FF531DF755): 1
LogDevObjectVersion:   Private-Geometry (6EACA3D4-40EC-4CC1-B786-8BED09428FC5): 3
LogDevObjectVersion:   Dev-AnimPhys (29E575DD-E0A3-4627-9D10-D276232CDCEA): 17
LogDevObjectVersion:   Dev-Anim (AF43A65D-7FD3-4947-9873-3E8ED9C1BB05): 15
LogDevObjectVersion:   Dev-ReflectionCapture (6B266CEC-1EC7-4B8F-A30B-E4D90942FC07): 1
LogDevObjectVersion:   Dev-Automation (0DF73D61-A23F-47EA-B727-89E90C41499A): 1
LogDevObjectVersion:   FortniteMain (601D1886-AC64-4F84-AA16-D3DE0DEAC7D6): 47
LogDevObjectVersion:   FortniteRelease (E7086368-6B23-4C58-8439-1B7016265E91): 1
LogDevObjectVersion:   Dev-Enterprise (9DFFBCD6-494F-0158-E221-12823C92A888): 10
LogDevObjectVersion:   Dev-Niagara (F2AED0AC-9AFE-416F-8664-AA7FFA26D6FC): 1
LogDevObjectVersion:   Dev-Destruction (174F1F0B-B4C6-45A5-B13F-2EE8D0FB917D): 10
LogDevObjectVersion:   Dev-Physics-Ext (35F94A83-E258-406C-A318-09F59610247C): 41
LogDevObjectVersion:   Dev-PhysicsMaterial-Chaos (B68FC16E-8B1B-42E2-B453-215C058844FE): 1
LogDevObjectVersion:   Dev-CineCamera (B2E18506-4273-CFC2-A54E-F4BB758BBA07): 1
LogDevObjectVersion:   Dev-VirtualProduction (64F58936-FD1B-42BA-BA96-7289D5D0FA4E): 1
LogDevObjectVersion:   Dev-MediaFramework (6F0ED827-A609-4895-9C91-998D90180EA4): 2
LogInit: Presizing for max 25165824 objects, including 0 objects not considered by GC, pre-allocating 0 bytes for permanent pool.
LogConfig: Applying CVar settings from Section [/Script/Engine.StreamingSettings] File [D:/GitHubProjects/YGJ_03-22/GameJamYnov/Saved/Config/Windows/Engine.ini]
LogConfig: Setting CVar [[s.MinBulkDataSizeForAsyncLoading:131072]]
LogConfig: Setting CVar [[s.AsyncLoadingThreadEnabled:0]]
LogConfig: Setting CVar [[s.EventDrivenLoaderEnabled:1]]
LogConfig: Setting CVar [[s.WarnIfTimeLimitExceeded:0]]
LogConfig: Setting CVar [[s.TimeLimitExceededMultiplier:1.5]]
LogConfig: Setting CVar [[s.TimeLimitExceededMinTime:0.005]]
LogConfig: Setting CVar [[s.UseBackgroundLevelStreaming:1]]
LogConfig: Setting CVar [[s.PriorityAsyncLoadingExtraTime:15.0]]
LogConfig: Setting CVar [[s.LevelStreamingActorsUpdateTimeLimit:5.0]]
LogConfig: Setting CVar [[s.PriorityLevelStreamingActorsUpdateExtraTime:5.0]]
LogConfig: Setting CVar [[s.LevelStreamingComponentsRegistrationGranularity:10]]
LogConfig: Setting CVar [[s.UnregisterComponentsTimeLimit:1.0]]
LogConfig: Setting CVar [[s.LevelStreamingComponentsUnregistrationGranularity:5]]
LogConfig: Setting CVar [[s.FlushStreamingOnExit:1]]
LogInit: Object subsystem initialized
LogConfig: Setting CVar [[con.DebugEarlyDefault:1]]
LogConfig: Setting CVar [[r.setres:1280x720]]
[2022.03.05-11.00.03:200][  0]LogConfig: Setting CVar [[r.VSync:0]]
[2022.03.05-11.00.03:200][  0]LogConfig: Setting CVar [[r.RHICmdBypass:0]]
[2022.03.05-11.00.03:200][  0]LogConfig: Applying CVar settings from Section [/Script/Engine.RendererSettings] File [D:/GitHubProjects/YGJ_03-22/GameJamYnov/Saved/Config/Windows/Engine.ini]
[2022.03.05-11.00.03:200][  0]LogConfig: Setting CVar [[r.GPUCrashDebugging:0]]
[2022.03.05-11.00.03:200][  0]LogConfig: Applying CVar settings from Section [/Script/Engine.RendererOverrideSettings] File [D:/GitHubProjects/YGJ_03-22/GameJamYnov/Saved/Config/Windows/Engine.ini]
[2022.03.05-11.00.03:200][  0]LogConfig: Applying CVar settings from Section [/Script/Engine.StreamingSettings] File [D:/GitHubProjects/YGJ_03-22/GameJamYnov/Saved/Config/Windows/Engine.ini]
[2022.03.05-11.00.03:200][  0]LogConfig: Setting CVar [[s.MinBulkDataSizeForAsyncLoading:131072]]
[2022.03.05-11.00.03:200][  0]LogConfig: Setting CVar [[s.AsyncLoadingThreadEnabled:0]]
[2022.03.05-11.00.03:200][  0]LogConfig: Setting CVar [[s.EventDrivenLoaderEnabled:1]]
[2022.03.05-11.00.03:200][  0]LogConfig: Setting CVar [[s.WarnIfTimeLimitExceeded:0]]
[2022.03.05-11.00.03:200][  0]LogConfig: Setting CVar [[s.TimeLimitExceededMultiplier:1.5]]
[2022.03.05-11.00.03:200][  0]LogConfig: Setting CVar [[s.TimeLimitExceededMinTime:0.005]]
[2022.03.05-11.00.03:200][  0]LogConfig: Setting CVar [[s.UseBackgroundLevelStreaming:1]]
[2022.03.05-11.00.03:200][  0]LogConfig: Setting CVar [[s.PriorityAsyncLoadingExtraTime:15.0]]
[2022.03.05-11.00.03:200][  0]LogConfig: Setting CVar [[s.LevelStreamingActorsUpdateTimeLimit:5.0]]
[2022.03.05-11.00.03:200][  0]LogConfig: Setting CVar [[s.PriorityLevelStreamingActorsUpdateExtraTime:5.0]]
[2022.03.05-11.00.03:200][  0]LogConfig: Setting CVar [[s.LevelStreamingComponentsRegistrationGranularity:10]]
[2022.03.05-11.00.03:200][  0]LogConfig: Setting CVar [[s.UnregisterComponentsTimeLimit:1.0]]
[2022.03.05-11.00.03:200][  0]LogConfig: Setting CVar [[s.LevelStreamingComponentsUnregistrationGranularity:5]]
[2022.03.05-11.00.03:200][  0]LogConfig: Setting CVar [[s.FlushStreamingOnExit:1]]
[2022.03.05-11.00.03:200][  0]LogConfig: Applying CVar settings from Section [/Script/Engine.GarbageCollectionSettings] File [D:/GitHubProjects/YGJ_03-22/GameJamYnov/Saved/Config/Windows/Engine.ini]
[2022.03.05-11.00.03:200][  0]LogConfig: Setting CVar [[gc.MaxObjectsNotConsideredByGC:1]]
[2022.03.05-11.00.03:200][  0]LogConfig: Setting CVar [[gc.SizeOfPermanentObjectPool:0]]
[2022.03.05-11.00.03:200][  0]LogConfig: Setting CVar [[gc.FlushStreamingOnGC:0]]
[2022.03.05-11.00.03:200][  0]LogConfig: Setting CVar [[gc.NumRetriesBeforeForcingGC:10]]
[2022.03.05-11.00.03:201][  0]LogConfig: Setting CVar [[gc.AllowParallelGC:1]]
[2022.03.05-11.00.03:201][  0]LogConfig: Setting CVar [[gc.TimeBetweenPurgingPendingKillObjects:61.1]]
[2022.03.05-11.00.03:201][  0]LogConfig: Setting CVar [[gc.MaxObjectsInEditor:25165824]]
[2022.03.05-11.00.03:201][  0]LogConfig: Setting CVar [[gc.IncrementalBeginDestroyEnabled:1]]
[2022.03.05-11.00.03:201][  0]LogConfig: Setting CVar [[gc.CreateGCClusters:1]]
[2022.03.05-11.00.03:201][  0]LogConfig: Setting CVar [[gc.MinGCClusterSize:5]]
[2022.03.05-11.00.03:201][  0]LogConfig: Setting CVar [[gc.ActorClusteringEnabled:0]]
[2022.03.05-11.00.03:201][  0]LogConfig: Setting CVar [[gc.BlueprintClusteringEnabled:0]]
[2022.03.05-11.00.03:201][  0]LogConfig: Setting CVar [[gc.UseDisregardForGCOnDedicatedServers:0]]
[2022.03.05-11.00.03:201][  0]LogConfig: Setting CVar [[gc.MultithreadedDestructionEnabled:1]]
[2022.03.05-11.00.03:201][  0]LogConfig: Applying CVar settings from Section [/Script/Engine.NetworkSettings] File [D:/GitHubProjects/YGJ_03-22/GameJamYnov/Saved/Config/Windows/Engine.ini]
[2022.03.05-11.00.03:201][  0]LogConfig: Applying CVar settings from Section [/Script/UnrealEd.CookerSettings] File [D:/GitHubProjects/YGJ_03-22/GameJamYnov/Saved/Config/Windows/Engine.ini]
[2022.03.05-11.00.03:205][  0]LogConfig: Applying CVar settings from Section [ViewDistanceQuality@3] File [D:/GitHubProjects/YGJ_03-22/GameJamYnov/Saved/Config/Windows/Scalability.ini]
[2022.03.05-11.00.03:205][  0]LogConfig: Setting CVar [[r.SkeletalMeshLODBias:0]]
[2022.03.05-11.00.03:205][  0]LogConfig: Setting CVar [[r.ViewDistanceScale:1.0]]
[2022.03.05-11.00.03:205][  0]LogConfig: Applying CVar settings from Section [AntiAliasingQuality@3] File [D:/GitHubProjects/YGJ_03-22/GameJamYnov/Saved/Config/Windows/Scalability.ini]
[2022.03.05-11.00.03:205][  0]LogConfig: Setting CVar [[r.PostProcessAAQuality:4]]
[2022.03.05-11.00.03:205][  0]LogConfig: Applying CVar settings from Section [ShadowQuality@3] File [D:/GitHubProjects/YGJ_03-22/GameJamYnov/Saved/Config/Windows/Scalability.ini]
[2022.03.05-11.00.03:205][  0]LogConfig: Setting CVar [[r.LightFunctionQuality:1]]
[2022.03.05-11.00.03:205][  0]LogConfig: Setting CVar [[r.ShadowQuality:5]]
[2022.03.05-11.00.03:205][  0]LogConfig: Setting CVar [[r.Shadow.CSM.MaxCascades:10]]
[2022.03.05-11.00.03:205][  0]LogConfig: Setting CVar [[r.Shadow.MaxResolution:2048]]
[2022.03.05-11.00.03:205][  0]LogConfig: Setting CVar [[r.Shadow.MaxCSMResolution:2048]]
[2022.03.05-11.00.03:205][  0]LogConfig: Setting CVar [[r.Shadow.RadiusThreshold:0.01]]
[2022.03.05-11.00.03:205][  0]LogConfig: Setting CVar [[r.Shadow.DistanceScale:1.0]]
[2022.03.05-11.00.03:205][  0]LogConfig: Setting CVar [[r.Shadow.CSM.TransitionScale:1.0]]
[2022.03.05-11.00.03:205][  0]LogConfig: Setting CVar [[r.Shadow.PreShadowResolutionFactor:1.0]]
[2022.03.05-11.00.03:205][  0]LogConfig: Setting CVar [[r.DistanceFieldShadowing:1]]
[2022.03.05-11.00.03:205][  0]LogConfig: Setting CVar [[r.DistanceFieldAO:1]]
[2022.03.05-11.00.03:205][  0]LogConfig: Setting CVar [[r.AOQuality:2]]
[2022.03.05-11.00.03:205][  0]LogConfig: Setting CVar [[r.VolumetricFog:1]]
[2022.03.05-11.00.03:205][  0]LogConfig: Setting CVar [[r.VolumetricFog.GridPixelSize:8]]
[2022.03.05-11.00.03:205][  0]LogConfig: Setting CVar [[r.VolumetricFog.GridSizeZ:128]]
[2022.03.05-11.00.03:205][  0]LogConfig: Setting CVar [[r.VolumetricFog.HistoryMissSupersampleCount:4]]
[2022.03.05-11.00.03:205][  0]LogConfig: Setting CVar [[r.LightMaxDrawDistanceScale:1]]
[2022.03.05-11.00.03:205][  0]LogConfig: Setting CVar [[r.CapsuleShadows:1]]
[2022.03.05-11.00.03:205][  0]LogConfig: Applying CVar settings from Section [PostProcessQuality@3] File [D:/GitHubProjects/YGJ_03-22/GameJamYnov/Saved/Config/Windows/Scalability.ini]
[2022.03.05-11.00.03:205][  0]LogConfig: Setting CVar [[r.MotionBlurQuality:4]]
[2022.03.05-11.00.03:205][  0]LogConfig: Setting CVar [[r.AmbientOcclusionMipLevelFactor:0.4]]
[2022.03.05-11.00.03:205][  0]LogConfig: Setting CVar [[r.AmbientOcclusionMaxQuality:100]]
[2022.03.05-11.00.03:205][  0]LogConfig: Setting CVar [[r.AmbientOcclusionLevels:-1]]
[2022.03.05-11.00.03:205][  0]LogConfig: Setting CVar [[r.AmbientOcclusionRadiusScale:1.0]]
[2022.03.05-11.00.03:205][  0]LogConfig: Setting CVar [[r.DepthOfFieldQuality:2]]
[2022.03.05-11.00.03:205][  0]LogConfig: Setting CVar [[r.RenderTargetPoolMin:400]]
[2022.03.05-11.00.03:205][  0]LogConfig: Setting CVar [[r.LensFlareQuality:2]]
[2022.03.05-11.00.03:205][  0]LogConfig: Setting CVar [[r.SceneColorFringeQuality:1]]
[2022.03.05-11.00.03:205][  0]LogConfig: Setting CVar [[r.EyeAdaptationQuality:2]]
[2022.03.05-11.00.03:205][  0]LogConfig: Setting CVar [[r.BloomQuality:5]]
[2022.03.05-11.00.03:205][  0]LogConfig: Setting CVar [[r.FastBlurThreshold:100]]
[2022.03.05-11.00.03:205][  0]LogConfig: Setting CVar [[r.Upscale.Quality:3]]
[2022.03.05-11.00.03:205][  0]LogConfig: Setting CVar [[r.Tonemapper.GrainQuantization:1]]
[2022.03.05-11.00.03:205][  0]LogConfig: Setting CVar [[r.LightShaftQuality:1]]
[2022.03.05-11.00.03:205][  0]LogConfig: Setting CVar [[r.Filter.SizeScale:1]]
[2022.03.05-11.00.03:205][  0]LogConfig: Setting CVar [[r.Tonemapper.Quality:5]]
[2022.03.05-11.00.03:205][  0]LogConfig: Setting CVar [[r.DOF.Gather.AccumulatorQuality:1        ; higher gathering accumulator quality]]
[2022.03.05-11.00.03:205][  0]LogConfig: Setting CVar [[r.DOF.Gather.PostfilterMethod:1          ; Median3x3 postfilering method]]
[2022.03.05-11.00.03:205][  0]LogConfig: Setting CVar [[r.DOF.Gather.EnableBokehSettings:0       ; no bokeh simulation when gathering]]
[2022.03.05-11.00.03:205][  0]LogConfig: Setting CVar [[r.DOF.Gather.RingCount:4                 ; medium number of samples when gathering]]
[2022.03.05-11.00.03:205][  0]LogConfig: Setting CVar [[r.DOF.Scatter.ForegroundCompositing:1    ; additive foreground scattering]]
[2022.03.05-11.00.03:205][  0]LogConfig: Setting CVar [[r.DOF.Scatter.BackgroundCompositing:2    ; additive background scattering]]
[2022.03.05-11.00.03:205][  0]LogConfig: Setting CVar [[r.DOF.Scatter.EnableBokehSettings:1      ; bokeh simulation when scattering]]
[2022.03.05-11.00.03:205][  0]LogConfig: Setting CVar [[r.DOF.Scatter.MaxSpriteRatio:0.1         ; only a maximum of 10% of scattered bokeh]]
[2022.03.05-11.00.03:205][  0]LogConfig: Setting CVar [[r.DOF.Recombine.Quality:1                ; cheap slight out of focus]]
[2022.03.05-11.00.03:206][  0]LogConfig: Setting CVar [[r.DOF.Recombine.EnableBokehSettings:0    ; no bokeh simulation on slight out of focus]]
[2022.03.05-11.00.03:206][  0]LogConfig: Setting CVar [[r.DOF.TemporalAAQuality:1                ; more stable temporal accumulation]]
[2022.03.05-11.00.03:206][  0]LogConfig: Setting CVar [[r.DOF.Kernel.MaxForegroundRadius:0.025]]
[2022.03.05-11.00.03:206][  0]LogConfig: Setting CVar [[r.DOF.Kernel.MaxBackgroundRadius:0.025]]
[2022.03.05-11.00.03:206][  0]LogConfig: Applying CVar settings from Section [TextureQuality@3] File [D:/GitHubProjects/YGJ_03-22/GameJamYnov/Saved/Config/Windows/Scalability.ini]
[2022.03.05-11.00.03:206][  0]LogConfig: Setting CVar [[r.Streaming.MipBias:0]]
[2022.03.05-11.00.03:206][  0]LogConfig: Setting CVar [[r.Streaming.AmortizeCPUToGPUCopy:0]]
[2022.03.05-11.00.03:206][  0]LogConfig: Setting CVar [[r.Streaming.MaxNumTexturesToStreamPerFrame:0]]
[2022.03.05-11.00.03:206][  0]LogConfig: Setting CVar [[r.Streaming.Boost:1]]
[2022.03.05-11.00.03:206][  0]LogConfig: Setting CVar [[r.MaxAnisotropy:8]]
[2022.03.05-11.00.03:206][  0]LogConfig: Setting CVar [[r.VT.MaxAnisotropy:8]]
[2022.03.05-11.00.03:206][  0]LogConfig: Setting CVar [[r.Streaming.LimitPoolSizeToVRAM:0]]
[2022.03.05-11.00.03:206][  0]LogConfig: Setting CVar [[r.Streaming.PoolSize:1000]]
[2022.03.05-11.00.03:206][  0]LogConfig: Setting CVar [[r.Streaming.MaxEffectiveScreenSize:0]]
[2022.03.05-11.00.03:206][  0]LogConfig: Applying CVar settings from Section [EffectsQuality@3] File [D:/GitHubProjects/YGJ_03-22/GameJamYnov/Saved/Config/Windows/Scalability.ini]
[2022.03.05-11.00.03:206][  0]LogConfig: Setting CVar [[r.TranslucencyLightingVolumeDim:64]]
[2022.03.05-11.00.03:206][  0]LogConfig: Setting CVar [[r.RefractionQuality:2]]
[2022.03.05-11.00.03:206][  0]LogConfig: Setting CVar [[r.SSR.Quality:3]]
[2022.03.05-11.00.03:206][  0]LogConfig: Setting CVar [[r.SSR.HalfResSceneColor:0]]
[2022.03.05-11.00.03:206][  0]LogConfig: Setting CVar [[r.SceneColorFormat:4]]
[2022.03.05-11.00.03:206][  0]LogConfig: Setting CVar [[r.DetailMode:2]]
[2022.03.05-11.00.03:206][  0]LogConfig: Setting CVar [[r.TranslucencyVolumeBlur:1]]
[2022.03.05-11.00.03:206][  0]LogConfig: Setting CVar [[r.MaterialQualityLevel:1 ; High quality]]
[2022.03.05-11.00.03:206][  0]LogConfig: Setting CVar [[r.AnisotropicMaterials:1]]
[2022.03.05-11.00.03:206][  0]LogConfig: Setting CVar [[r.SSS.Scale:1]]
[2022.03.05-11.00.03:206][  0]LogConfig: Setting CVar [[r.SSS.SampleSet:2]]
[2022.03.05-11.00.03:206][  0]LogConfig: Setting CVar [[r.SSS.Quality:1]]
[2022.03.05-11.00.03:206][  0]LogConfig: Setting CVar [[r.SSS.HalfRes:0]]
[2022.03.05-11.00.03:206][  0]LogConfig: Setting CVar [[r.SSGI.Quality:3]]
[2022.03.05-11.00.03:206][  0]LogConfig: Setting CVar [[r.EmitterSpawnRateScale:1.0]]
[2022.03.05-11.00.03:206][  0]LogConfig: Setting CVar [[r.ParticleLightQuality:2]]
[2022.03.05-11.00.03:206][  0]LogConfig: Setting CVar [[r.SkyAtmosphere.AerialPerspectiveLUT.FastApplyOnOpaque:1 ; Always have FastSkyLUT 1 in this case to avoid wrong sky]]
[2022.03.05-11.00.03:206][  0]LogConfig: Setting CVar [[r.SkyAtmosphere.AerialPerspectiveLUT.SampleCountMaxPerSlice:4]]
[2022.03.05-11.00.03:206][  0]LogConfig: Setting CVar [[r.SkyAtmosphere.AerialPerspectiveLUT.DepthResolution:16.0]]
[2022.03.05-11.00.03:206][  0]LogConfig: Setting CVar [[r.SkyAtmosphere.FastSkyLUT:1]]
[2022.03.05-11.00.03:206][  0]LogConfig: Setting CVar [[r.SkyAtmosphere.FastSkyLUT.SampleCountMin:4.0]]
[2022.03.05-11.00.03:206][  0]LogConfig: Setting CVar [[r.SkyAtmosphere.FastSkyLUT.SampleCountMax:128.0]]
[2022.03.05-11.00.03:206][  0]LogConfig: Setting CVar [[r.SkyAtmosphere.SampleCountMin:4.0]]
[2022.03.05-11.00.03:206][  0]LogConfig: Setting CVar [[r.SkyAtmosphere.SampleCountMax:128.0]]
[2022.03.05-11.00.03:206][  0]LogConfig: Setting CVar [[r.SkyAtmosphere.TransmittanceLUT.UseSmallFormat:0]]
[2022.03.05-11.00.03:206][  0]LogConfig: Setting CVar [[r.SkyAtmosphere.TransmittanceLUT.SampleCount:10.0]]
[2022.03.05-11.00.03:206][  0]LogConfig: Setting CVar [[r.SkyAtmosphere.MultiScatteringLUT.SampleCount:15.0]]
[2022.03.05-11.00.03:206][  0]LogConfig: Setting CVar [[r.SkyLight.RealTimeReflectionCapture:1]]
[2022.03.05-11.00.03:206][  0]LogConfig: Applying CVar settings from Section [FoliageQuality@3] File [D:/GitHubProjects/YGJ_03-22/GameJamYnov/Saved/Config/Windows/Scalability.ini]
[2022.03.05-11.00.03:206][  0]LogConfig: Setting CVar [[foliage.DensityScale:1.0]]
[2022.03.05-11.00.03:206][  0]LogConfig: Setting CVar [[grass.DensityScale:1.0]]
[2022.03.05-11.00.03:206][  0]LogConfig: Applying CVar settings from Section [ShadingQuality@3] File [D:/GitHubProjects/YGJ_03-22/GameJamYnov/Saved/Config/Windows/Scalability.ini]
[2022.03.05-11.00.03:206][  0]LogConfig: Setting CVar [[r.HairStrands.SkyLighting.IntegrationType:2]]
[2022.03.05-11.00.03:206][  0]LogConfig: Setting CVar [[r.HairStrands.SkyAO.SampleCount:4]]
[2022.03.05-11.00.03:206][  0]LogConfig: Setting CVar [[r.HairStrands.Visibility.MSAA.SamplePerPixel:4]]
[2022.03.05-11.00.03:206][  0]LogInit: Selected Device Profile: [Windows]
[2022.03.05-11.00.03:206][  0]LogInit: Applying CVar settings loaded from the selected device profile: [Windows]
[2022.03.05-11.00.03:206][  0]LogHAL: Display: Platform has ~ 32 GB [34314260480 / 34359738368 / 32], which maps to Largest [LargestMinGB=32, LargerMinGB=12, DefaultMinGB=8, SmallerMinGB=6, SmallestMinGB=0)
[2022.03.05-11.00.03:206][  0]LogInit: Going up to parent DeviceProfile []
[2022.03.05-11.00.03:206][  0]LogConfig: Applying CVar settings from Section [ViewDistanceQuality@Cine] File [D:/GitHubProjects/YGJ_03-22/GameJamYnov/Saved/Config/Windows/Scalability.ini]
[2022.03.05-11.00.03:206][  0]LogConfig: Setting CVar [[r.SkeletalMeshLODBias:0]]
[2022.03.05-11.00.03:206][  0]LogConfig: Setting CVar [[r.ViewDistanceScale:10.0]]
[2022.03.05-11.00.03:206][  0]LogConfig: Applying CVar settings from Section [AntiAliasingQuality@Cine] File [D:/GitHubProjects/YGJ_03-22/GameJamYnov/Saved/Config/Windows/Scalability.ini]
[2022.03.05-11.00.03:206][  0]LogConfig: Setting CVar [[r.PostProcessAAQuality:6]]
[2022.03.05-11.00.03:206][  0]LogConfig: Applying CVar settings from Section [ShadowQuality@Cine] File [D:/GitHubProjects/YGJ_03-22/GameJamYnov/Saved/Config/Windows/Scalability.ini]
[2022.03.05-11.00.03:206][  0]LogConfig: Setting CVar [[r.LightFunctionQuality:1]]
[2022.03.05-11.00.03:206][  0]LogConfig: Setting CVar [[r.ShadowQuality:5]]
[2022.03.05-11.00.03:206][  0]LogConfig: Setting CVar [[r.Shadow.CSM.MaxCascades:10]]
[2022.03.05-11.00.03:206][  0]LogConfig: Setting CVar [[r.Shadow.MaxResolution:4096]]
[2022.03.05-11.00.03:206][  0]LogConfig: Setting CVar [[r.Shadow.MaxCSMResolution:4096]]
[2022.03.05-11.00.03:207][  0]LogConfig: Setting CVar [[r.Shadow.RadiusThreshold:0]]
[2022.03.05-11.00.03:207][  0]LogConfig: Setting CVar [[r.Shadow.DistanceScale:1.0]]
[2022.03.05-11.00.03:207][  0]LogConfig: Setting CVar [[r.Shadow.CSM.TransitionScale:1.0]]
[2022.03.05-11.00.03:207][  0]LogConfig: Setting CVar [[r.Shadow.PreShadowResolutionFactor:1.0]]
[2022.03.05-11.00.03:207][  0]LogConfig: Setting CVar [[r.DistanceFieldShadowing:1]]
[2022.03.05-11.00.03:207][  0]LogConfig: Setting CVar [[r.DistanceFieldAO:1]]
[2022.03.05-11.00.03:207][  0]LogConfig: Setting CVar [[r.AOQuality:2]]
[2022.03.05-11.00.03:207][  0]LogConfig: Setting CVar [[r.VolumetricFog:1]]
[2022.03.05-11.00.03:207][  0]LogConfig: Setting CVar [[r.VolumetricFog.GridPixelSize:4]]
[2022.03.05-11.00.03:207][  0]LogConfig: Setting CVar [[r.VolumetricFog.GridSizeZ:128]]
[2022.03.05-11.00.03:207][  0]LogConfig: Setting CVar [[r.VolumetricFog.HistoryMissSupersampleCount:16]]
[2022.03.05-11.00.03:207][  0]LogConfig: Setting CVar [[r.LightMaxDrawDistanceScale:1]]
[2022.03.05-11.00.03:207][  0]LogConfig: Setting CVar [[r.CapsuleShadows:1]]
[2022.03.05-11.00.03:207][  0]LogConfig: Applying CVar settings from Section [PostProcessQuality@Cine] File [D:/GitHubProjects/YGJ_03-22/GameJamYnov/Saved/Config/Windows/Scalability.ini]
[2022.03.05-11.00.03:207][  0]LogConfig: Setting CVar [[r.MotionBlurQuality:4]]
[2022.03.05-11.00.03:207][  0]LogConfig: Setting CVar [[r.AmbientOcclusionMipLevelFactor:0.4]]
[2022.03.05-11.00.03:207][  0]LogConfig: Setting CVar [[r.AmbientOcclusionMaxQuality:100]]
[2022.03.05-11.00.03:207][  0]LogConfig: Setting CVar [[r.AmbientOcclusionLevels:-1]]
[2022.03.05-11.00.03:207][  0]LogConfig: Setting CVar [[r.AmbientOcclusionRadiusScale:1.0]]
[2022.03.05-11.00.03:207][  0]LogConfig: Setting CVar [[r.GTAO.Numangles:4]]
[2022.03.05-11.00.03:207][  0]LogConfig: Setting CVar [[r.DepthOfFieldQuality:4]]
[2022.03.05-11.00.03:207][  0]LogConfig: Setting CVar [[r.RenderTargetPoolMin:1000]]
[2022.03.05-11.00.03:207][  0]LogConfig: Setting CVar [[r.LensFlareQuality:3]]
[2022.03.05-11.00.03:207][  0]LogConfig: Setting CVar [[r.SceneColorFringeQuality:1]]
[2022.03.05-11.00.03:207][  0]LogConfig: Setting CVar [[r.EyeAdaptationQuality:2]]
[2022.03.05-11.00.03:207][  0]LogConfig: Setting CVar [[r.BloomQuality:5]]
[2022.03.05-11.00.03:207][  0]LogConfig: Setting CVar [[r.FastBlurThreshold:100]]
[2022.03.05-11.00.03:207][  0]LogConfig: Setting CVar [[r.Upscale.Quality:3]]
[2022.03.05-11.00.03:207][  0]LogConfig: Setting CVar [[r.Tonemapper.GrainQuantization:1]]
[2022.03.05-11.00.03:207][  0]LogConfig: Setting CVar [[r.LightShaftQuality:1]]
[2022.03.05-11.00.03:207][  0]LogConfig: Setting CVar [[r.Filter.SizeScale:1]]
[2022.03.05-11.00.03:207][  0]LogConfig: Setting CVar [[r.Tonemapper.Quality:5]]
[2022.03.05-11.00.03:207][  0]LogConfig: Setting CVar [[r.DOF.Gather.AccumulatorQuality:1        ; higher gathering accumulator quality]]
[2022.03.05-11.00.03:207][  0]LogConfig: Setting CVar [[r.DOF.Gather.PostfilterMethod:1          ; Median3x3 postfilering method]]
[2022.03.05-11.00.03:207][  0]LogConfig: Setting CVar [[r.DOF.Gather.EnableBokehSettings:1       ; bokeh simulation when gathering]]
[2022.03.05-11.00.03:207][  0]LogConfig: Setting CVar [[r.DOF.Gather.RingCount:5                 ; high number of samples when gathering]]
[2022.03.05-11.00.03:207][  0]LogConfig: Setting CVar [[r.DOF.Scatter.ForegroundCompositing:1    ; additive foreground scattering]]
[2022.03.05-11.00.03:207][  0]LogConfig: Setting CVar [[r.DOF.Scatter.BackgroundCompositing:2    ; background scattering occlusion]]
[2022.03.05-11.00.03:207][  0]LogConfig: Setting CVar [[r.DOF.Scatter.EnableBokehSettings:1      ; no bokeh simulation when scattering]]
[2022.03.05-11.00.03:207][  0]LogConfig: Setting CVar [[r.DOF.Scatter.MaxSpriteRatio:0.25        ; only a maximum of 10% of scattered bokeh]]
[2022.03.05-11.00.03:207][  0]LogConfig: Setting CVar [[r.DOF.Recombine.Quality:2                ; highest slight out of focus]]
[2022.03.05-11.00.03:207][  0]LogConfig: Setting CVar [[r.DOF.Recombine.EnableBokehSettings:1    ; bokeh simulation on slight out of focus]]
[2022.03.05-11.00.03:207][  0]LogConfig: Setting CVar [[r.DOF.TemporalAAQuality:1                ; more stable temporal accumulation]]
[2022.03.05-11.00.03:207][  0]LogConfig: Setting CVar [[r.DOF.Kernel.MaxForegroundRadius:0.025]]
[2022.03.05-11.00.03:207][  0]LogConfig: Setting CVar [[r.DOF.Kernel.MaxBackgroundRadius:0.025]]
[2022.03.05-11.00.03:207][  0]LogConfig: Applying CVar settings from Section [TextureQuality@Cine] File [D:/GitHubProjects/YGJ_03-22/GameJamYnov/Saved/Config/Windows/Scalability.ini]
[2022.03.05-11.00.03:207][  0]LogConfig: Setting CVar [[r.Streaming.MipBias:0]]
[2022.03.05-11.00.03:207][  0]LogConfig: Setting CVar [[r.Streaming.AmortizeCPUToGPUCopy:0]]
[2022.03.05-11.00.03:207][  0]LogConfig: Setting CVar [[r.Streaming.MaxNumTexturesToStreamPerFrame:0]]
[2022.03.05-11.00.03:207][  0]LogConfig: Setting CVar [[r.Streaming.Boost:1]]
[2022.03.05-11.00.03:207][  0]LogConfig: Setting CVar [[r.MaxAnisotropy:8]]
[2022.03.05-11.00.03:207][  0]LogConfig: Setting CVar [[r.VT.MaxAnisotropy:8]]
[2022.03.05-11.00.03:207][  0]LogConfig: Setting CVar [[r.Streaming.LimitPoolSizeToVRAM:0]]
[2022.03.05-11.00.03:207][  0]LogConfig: Setting CVar [[r.Streaming.PoolSize:3000]]
[2022.03.05-11.00.03:207][  0]LogConfig: Setting CVar [[r.Streaming.MaxEffectiveScreenSize:0]]
[2022.03.05-11.00.03:207][  0]LogConfig: Applying CVar settings from Section [EffectsQuality@Cine] File [D:/GitHubProjects/YGJ_03-22/GameJamYnov/Saved/Config/Windows/Scalability.ini]
[2022.03.05-11.00.03:207][  0]LogConfig: Setting CVar [[r.TranslucencyLightingVolumeDim:64]]
[2022.03.05-11.00.03:207][  0]LogConfig: Setting CVar [[r.RefractionQuality:2]]
[2022.03.05-11.00.03:207][  0]LogConfig: Setting CVar [[r.SSR.Quality:4]]
[2022.03.05-11.00.03:207][  0]LogConfig: Setting CVar [[r.SSR.HalfResSceneColor:0]]
[2022.03.05-11.00.03:207][  0]LogConfig: Setting CVar [[r.SceneColorFormat:4]]
[2022.03.05-11.00.03:207][  0]LogConfig: Setting CVar [[r.DetailMode:2]]
[2022.03.05-11.00.03:207][  0]LogConfig: Setting CVar [[r.TranslucencyVolumeBlur:1]]
[2022.03.05-11.00.03:207][  0]LogConfig: Setting CVar [[r.MaterialQualityLevel:1 ; High quality]]
[2022.03.05-11.00.03:207][  0]LogConfig: Setting CVar [[r.AnisotropicMaterials:1]]
[2022.03.05-11.00.03:207][  0]LogConfig: Setting CVar [[r.SSS.Scale:1]]
[2022.03.05-11.00.03:207][  0]LogConfig: Setting CVar [[r.SSS.SampleSet:2]]
[2022.03.05-11.00.03:208][  0]LogConfig: Setting CVar [[r.SSS.Quality:1]]
[2022.03.05-11.00.03:208][  0]LogConfig: Setting CVar [[r.SSS.HalfRes:0]]
[2022.03.05-11.00.03:208][  0]LogConfig: Setting CVar [[r.SSGI.Quality:4]]
[2022.03.05-11.00.03:208][  0]LogConfig: Setting CVar [[r.EmitterSpawnRateScale:1.0]]
[2022.03.05-11.00.03:208][  0]LogConfig: Setting CVar [[r.ParticleLightQuality:2]]
[2022.03.05-11.00.03:208][  0]LogConfig: Setting CVar [[r.SkyAtmosphere.AerialPerspectiveLUT.FastApplyOnOpaque:0]]
[2022.03.05-11.00.03:208][  0]LogConfig: Setting CVar [[r.SkyAtmosphere.AerialPerspectiveLUT.SampleCountMaxPerSlice:8]]
[2022.03.05-11.00.03:208][  0]LogConfig: Setting CVar [[r.SkyAtmosphere.AerialPerspectiveLUT.DepthResolution:32.0]]
[2022.03.05-11.00.03:208][  0]LogConfig: Setting CVar [[r.SkyAtmosphere.FastSkyLUT:0]]
[2022.03.05-11.00.03:208][  0]LogConfig: Setting CVar [[r.SkyAtmosphere.FastSkyLUT.SampleCountMin:4.0]]
[2022.03.05-11.00.03:208][  0]LogConfig: Setting CVar [[r.SkyAtmosphere.FastSkyLUT.SampleCountMax:256.0]]
[2022.03.05-11.00.03:208][  0]LogConfig: Setting CVar [[r.SkyAtmosphere.SampleCountMin:8.0]]
[2022.03.05-11.00.03:208][  0]LogConfig: Setting CVar [[r.SkyAtmosphere.SampleCountMax:256.0]]
[2022.03.05-11.00.03:208][  0]LogConfig: Setting CVar [[r.SkyAtmosphere.TransmittanceLUT.UseSmallFormat:0]]
[2022.03.05-11.00.03:208][  0]LogConfig: Setting CVar [[r.SkyAtmosphere.TransmittanceLUT.SampleCount:30.0]]
[2022.03.05-11.00.03:208][  0]LogConfig: Setting CVar [[r.SkyAtmosphere.MultiScatteringLUT.SampleCount:20.0]]
[2022.03.05-11.00.03:208][  0]LogConfig: Setting CVar [[r.SkyLight.RealTimeReflectionCapture:1]]
[2022.03.05-11.00.03:208][  0]LogConfig: Applying CVar settings from Section [FoliageQuality@Cine] File [D:/GitHubProjects/YGJ_03-22/GameJamYnov/Saved/Config/Windows/Scalability.ini]
[2022.03.05-11.00.03:208][  0]LogConfig: Setting CVar [[foliage.DensityScale:1.0]]
[2022.03.05-11.00.03:208][  0]LogConfig: Setting CVar [[grass.DensityScale:1.0]]
[2022.03.05-11.00.03:208][  0]LogConfig: Applying CVar settings from Section [ShadingQuality@Cine] File [D:/GitHubProjects/YGJ_03-22/GameJamYnov/Saved/Config/Windows/Scalability.ini]
[2022.03.05-11.00.03:208][  0]LogConfig: Setting CVar [[r.HairStrands.SkyLighting.IntegrationType:0]]
[2022.03.05-11.00.03:208][  0]LogConfig: Setting CVar [[r.HairStrands.SkyAO.SampleCount:8]]
[2022.03.05-11.00.03:208][  0]LogConfig: Setting CVar [[r.HairStrands.Visibility.MSAA.SamplePerPixel:8]]
[2022.03.05-11.00.03:208][  0]LogConfig: Applying CVar settings from Section [Startup] File [../../../Engine/Config/ConsoleVariables.ini]
[2022.03.05-11.00.03:208][  0]LogConfig: Setting CVar [[net.UseAdaptiveNetUpdateFrequency:0]]
[2022.03.05-11.00.03:208][  0]LogConfig: Setting CVar [[p.chaos.AllowCreatePhysxBodies:1]]
[2022.03.05-11.00.03:208][  0]LogConfig: Setting CVar [[fx.SkipVectorVMBackendOptimizations:1]]
[2022.03.05-11.00.03:208][  0]LogConfig: Applying CVar settings from Section [ConsoleVariables] File [D:/GitHubProjects/YGJ_03-22/GameJamYnov/Saved/Config/Windows/Engine.ini]
[2022.03.05-11.00.03:208][  0]LogConfig: Applying CVar settings from Section [ConsoleVariables] File [D:/GitHubProjects/YGJ_03-22/GameJamYnov/Saved/Config/Windows/Editor.ini]
[2022.03.05-11.00.03:208][  0]LogInit: Computer: DESKTOP-CSOK1C7
[2022.03.05-11.00.03:208][  0]LogInit: User: Timothe
[2022.03.05-11.00.03:208][  0]LogInit: CPU Page size=4096, Cores=4
[2022.03.05-11.00.03:208][  0]LogInit: High frequency timer resolution =10.000000 MHz
[2022.03.05-11.00.03:208][  0]LogMemory: Memory total: Physical=32.0GB (32GB approx)
[2022.03.05-11.00.03:208][  0]LogMemory: Platform Memory Stats for Windows
[2022.03.05-11.00.03:208][  0]LogMemory: Process Physical Memory: 146.27 MB used, 146.28 MB peak
[2022.03.05-11.00.03:208][  0]LogMemory: Process Virtual Memory: 116.63 MB used, 116.63 MB peak
[2022.03.05-11.00.03:208][  0]LogMemory: Physical Memory: 13820.96 MB used,  18903.66 MB free, 32724.63 MB total
[2022.03.05-11.00.03:208][  0]LogMemory: Virtual Memory: 134196824.00 MB used,  20907.34 MB free, 134217728.00 MB total
[2022.03.05-11.00.03:216][  0]LogWindows: WindowsPlatformFeatures enabled
[2022.03.05-11.00.03:260][  0]LogInit: Physics initialised using underlying interface: PhysX
[2022.03.05-11.00.03:261][  0]LogInit: Using OS detected language (fr-FR).
[2022.03.05-11.00.03:261][  0]LogInit: Using OS detected locale (fr-FR).
[2022.03.05-11.00.03:265][  0]LogTextLocalizationManager: No specific localization for 'fr-FR' exists, so the 'fr' localization will be used.
[2022.03.05-11.00.03:265][  0]LogTextLocalizationResource: LocRes '../../../Engine/Content/Localization/Editor/fr/Editor.locres' could not be opened for reading!
[2022.03.05-11.00.03:265][  0]LogTextLocalizationResource: LocRes '../../../Engine/Content/Localization/EditorTutorials/fr/EditorTutorials.locres' could not be opened for reading!
[2022.03.05-11.00.03:265][  0]LogTextLocalizationResource: LocRes '../../../Engine/Content/Localization/Keywords/fr/Keywords.locres' could not be opened for reading!
[2022.03.05-11.00.03:265][  0]LogTextLocalizationResource: LocRes '../../../Engine/Content/Localization/Category/fr/Category.locres' could not be opened for reading!
[2022.03.05-11.00.03:265][  0]LogTextLocalizationResource: LocRes '../../../Engine/Content/Localization/ToolTips/fr/ToolTips.locres' could not be opened for reading!
[2022.03.05-11.00.03:265][  0]LogTextLocalizationResource: LocRes '../../../Engine/Content/Localization/PropertyNames/fr/PropertyNames.locres' could not be opened for reading!
[2022.03.05-11.00.03:265][  0]LogTextLocalizationResource: LocRes '../../../Engine/Content/Localization/Engine/fr/Engine.locres' could not be opened for reading!
[2022.03.05-11.00.03:266][  0]LogInit: Setting process to per monitor DPI aware
[2022.03.05-11.00.03:283][  0]LogWindowsTextInputMethodSystem: Display: IME system deactivated.
[2022.03.05-11.00.03:300][  0]LogSlate: New Slate User Created.  User Index 0, Is Virtual User: 0
[2022.03.05-11.00.03:300][  0]LogSlate: Slate User Registered.  User Index 0, Is Virtual User: 0
[2022.03.05-11.00.03:437][  0]LogD3D11RHI: Loaded GFSDK_Aftermath_Lib.x64.dll
[2022.03.05-11.00.03:511][  0]LogHMD: Failed to initialize OpenVR with code 108
[2022.03.05-11.00.03:512][  0]LogD3D11RHI: D3D11 min allowed feature level: 11_0
[2022.03.05-11.00.03:512][  0]LogD3D11RHI: D3D11 max allowed feature level: 11_0
[2022.03.05-11.00.03:512][  0]LogD3D11RHI: D3D11 adapters:
[2022.03.05-11.00.03:597][  0]LogD3D11RHI:    0. 'NVIDIA GeForce GTX 1060' (Feature Level 11_0)
[2022.03.05-11.00.03:597][  0]LogD3D11RHI:       2987/0/16362 MB DedicatedVideo/DedicatedSystem/SharedSystem, Outputs:1, VendorId:0x10de
[2022.03.05-11.00.03:599][  0]LogD3D11RHI:    1. 'Microsoft Basic Render Driver' (Feature Level 11_0)
[2022.03.05-11.00.03:599][  0]LogD3D11RHI:       0/0/16362 MB DedicatedVideo/DedicatedSystem/SharedSystem, Outputs:0, VendorId:0x1414
[2022.03.05-11.00.03:599][  0]LogD3D11RHI: Chosen D3D11 Adapter:
[2022.03.05-11.00.03:599][  0]LogD3D11RHI:     Description : NVIDIA GeForce GTX 1060
[2022.03.05-11.00.03:599][  0]LogD3D11RHI:     VendorId    : 10de
[2022.03.05-11.00.03:599][  0]LogD3D11RHI:     DeviceId    : 1c60
[2022.03.05-11.00.03:599][  0]LogD3D11RHI:     SubSysId    : 17601043
[2022.03.05-11.00.03:599][  0]LogD3D11RHI:     Revision    : 00a1
[2022.03.05-11.00.03:599][  0]LogD3D11RHI:     DedicatedVideoMemory : 3132096512 bytes
[2022.03.05-11.00.03:599][  0]LogD3D11RHI:     DedicatedSystemMemory : 0 bytes
[2022.03.05-11.00.03:599][  0]LogD3D11RHI:     SharedSystemMemory : 17157130240 bytes
[2022.03.05-11.00.03:599][  0]LogD3D11RHI:     AdapterLuid : 0 44897
[2022.03.05-11.00.03:609][  0]LogD3D11RHI: Creating new Direct3DDevice
[2022.03.05-11.00.03:609][  0]LogD3D11RHI:     GPU DeviceId: 0x1c60 (for the marketing name, search the web for "GPU Device Id")
[2022.03.05-11.00.03:609][  0]LogWindows: EnumDisplayDevices:
[2022.03.05-11.00.03:609][  0]LogWindows:    0. 'NVIDIA GeForce GTX 1060' (P:1 D:1)
[2022.03.05-11.00.03:609][  0]LogWindows:    1. 'NVIDIA GeForce GTX 1060' (P:0 D:0)
[2022.03.05-11.00.03:609][  0]LogWindows:    2. 'NVIDIA GeForce GTX 1060' (P:0 D:0)
[2022.03.05-11.00.03:610][  0]LogWindows:    3. 'NVIDIA GeForce GTX 1060' (P:0 D:0)
[2022.03.05-11.00.03:610][  0]LogWindows: DebugString: FoundDriverCount:4 
[2022.03.05-11.00.03:610][  0]LogD3D11RHI:     Adapter Name: NVIDIA GeForce GTX 1060
[2022.03.05-11.00.03:610][  0]LogD3D11RHI:   Driver Version: 456.71 (internal:27.21.14.5671, unified:456.71)
[2022.03.05-11.00.03:610][  0]LogD3D11RHI:      Driver Date: 9-30-2020
[2022.03.05-11.00.03:610][  0]LogRHI: Texture pool is 2090 MB (70% of 2987 MB)
[2022.03.05-11.00.03:610][  0]LogD3D11RHI: Creating D3DDevice using adapter:
[2022.03.05-11.00.03:610][  0]LogD3D11RHI:     Description : NVIDIA GeForce GTX 1060
[2022.03.05-11.00.03:610][  0]LogD3D11RHI:     VendorId    : 10de
[2022.03.05-11.00.03:610][  0]LogD3D11RHI:     DeviceId    : 1c60
[2022.03.05-11.00.03:610][  0]LogD3D11RHI:     SubSysId    : 17601043
[2022.03.05-11.00.03:610][  0]LogD3D11RHI:     Revision    : 00a1
[2022.03.05-11.00.03:610][  0]LogD3D11RHI:     DedicatedVideoMemory : 3132096512 bytes
[2022.03.05-11.00.03:610][  0]LogD3D11RHI:     DedicatedSystemMemory : 0 bytes
[2022.03.05-11.00.03:610][  0]LogD3D11RHI:     SharedSystemMemory : 17157130240 bytes
[2022.03.05-11.00.03:610][  0]LogD3D11RHI:     AdapterLuid : 0 44897
[2022.03.05-11.00.03:672][  0]LogD3D11RHI: RHI has support for 64 bit atomics
[2022.03.05-11.00.03:672][  0]LogD3D11RHI: Async texture creation enabled
[2022.03.05-11.00.03:672][  0]LogD3D11RHI: Array index from any shader is supported
[2022.03.05-11.00.03:719][  0]LogD3D11RHI: GPU Timing Frequency: 1000.000000 (Debug: 2 1)
[2022.03.05-11.00.03:750][  0]LogRHI: GeForceNow SDK initialized: 1
[2022.03.05-11.00.04:123][  0]LogTargetPlatformManager: Display: Loaded TargetPlatform 'AllDesktop'
[2022.03.05-11.00.04:146][  0]LogTargetPlatformManager: Display: Loaded TargetPlatform 'Android'
[2022.03.05-11.00.04:146][  0]LogTargetPlatformManager: Display: Loaded TargetPlatform 'Android_ASTC'
[2022.03.05-11.00.04:146][  0]LogTargetPlatformManager: Display: Loaded TargetPlatform 'Android_DXT'
[2022.03.05-11.00.04:146][  0]LogTargetPlatformManager: Display: Loaded TargetPlatform 'Android_ETC2'
[2022.03.05-11.00.04:146][  0]LogTargetPlatformManager: Display: Loaded TargetPlatform 'AndroidClient'
[2022.03.05-11.00.04:146][  0]LogTargetPlatformManager: Display: Loaded TargetPlatform 'Android_ASTCClient'
[2022.03.05-11.00.04:146][  0]LogTargetPlatformManager: Display: Loaded TargetPlatform 'Android_DXTClient'
[2022.03.05-11.00.04:146][  0]LogTargetPlatformManager: Display: Loaded TargetPlatform 'Android_ETC2Client'
[2022.03.05-11.00.04:146][  0]LogTargetPlatformManager: Display: Loaded TargetPlatform 'Android_Multi'
[2022.03.05-11.00.04:146][  0]LogTargetPlatformManager: Display: Loaded TargetPlatform 'Android_MultiClient'
[2022.03.05-11.00.04:166][  0]LogTargetPlatformManager: Display: Loaded TargetPlatform 'IOSClient'
[2022.03.05-11.00.04:166][  0]LogTargetPlatformManager: Display: Loaded TargetPlatform 'IOS'
[2022.03.05-11.00.04:176][  0]LogTargetPlatformManager: Display: Loaded TargetPlatform 'Linux'
[2022.03.05-11.00.04:181][  0]LogTargetPlatformManager: Display: Loaded TargetPlatform 'LinuxNoEditor'
[2022.03.05-11.00.04:186][  0]LogTargetPlatformManager: Display: Loaded TargetPlatform 'LinuxClient'
[2022.03.05-11.00.04:191][  0]LogTargetPlatformManager: Display: Loaded TargetPlatform 'LinuxServer'
[2022.03.05-11.00.04:202][  0]LogTargetPlatformManager: Display: Loaded TargetPlatform 'LinuxAArch64NoEditor'
[2022.03.05-11.00.04:206][  0]LogTargetPlatformManager: Display: Loaded TargetPlatform 'LinuxAArch64Client'
[2022.03.05-11.00.04:212][  0]LogTargetPlatformManager: Display: Loaded TargetPlatform 'LinuxAArch64Server'
[2022.03.05-11.00.04:237][  0]LogTargetPlatformManager: Display: Loaded TargetPlatform 'Lumin'
[2022.03.05-11.00.04:237][  0]LogTargetPlatformManager: Display: Loaded TargetPlatform 'LuminClient'
[2022.03.05-11.00.04:246][  0]LogTargetPlatformManager: Display: Loaded TargetPlatform 'MacNoEditor'
[2022.03.05-11.00.04:251][  0]LogTargetPlatformManager: Display: Loaded TargetPlatform 'Mac'
[2022.03.05-11.00.04:254][  0]LogTargetPlatformManager: Display: Loaded TargetPlatform 'MacClient'
[2022.03.05-11.00.04:259][  0]LogTargetPlatformManager: Display: Loaded TargetPlatform 'MacServer'
[2022.03.05-11.00.04:271][  0]LogTargetPlatformManager: Display: Loaded TargetPlatform 'TVOSClient'
[2022.03.05-11.00.04:271][  0]LogTargetPlatformManager: Display: Loaded TargetPlatform 'TVOS'
[2022.03.05-11.00.04:280][  0]LogTargetPlatformManager: Display: Loaded TargetPlatform 'WindowsNoEditor'
[2022.03.05-11.00.04:285][  0]LogTargetPlatformManager: Display: Loaded TargetPlatform 'Windows'
[2022.03.05-11.00.04:290][  0]LogTargetPlatformManager: Display: Loaded TargetPlatform 'WindowsClient'
[2022.03.05-11.00.04:295][  0]LogTargetPlatformManager: Display: Loaded TargetPlatform 'WindowsServer'
[2022.03.05-11.00.04:295][  0]LogTargetPlatformManager: Display: Building Assets For Windows
[2022.03.05-11.00.04:303][  0]LogAudioDebug: Display: Lib vorbis DLL was dynamically loaded.
[2022.03.05-11.00.04:337][  0]LogTextureFormatOodle: Display: Oodle Texture 2.9.0 init RDO Off
[2022.03.05-11.00.04:371][  0]LogRendererCore: Ray tracing is disabled. Reason: r.RayTracing=0.
[2022.03.05-11.00.04:371][  0]LogShaderCompilers: Guid format shader working directory is -4 characters bigger than the processId version (../../../../../GitHubProjects/YGJ_03-22/GameJamYnov/Intermediate/Shaders/WorkingDirectory/33856/).
[2022.03.05-11.00.04:371][  0]LogShaderCompilers: Cleaned the shader compiler working directory 'C:/Users/Timothe/AppData/Local/Temp/UnrealShaderWorkingDir/2343EDE34374F27705A391A40AEEAAFE/'.
[2022.03.05-11.00.04:372][  0]LogXGEController: Cannot use XGE Controller as Incredibuild is not installed on this machine.
[2022.03.05-11.00.04:372][  0]LogShaderCompilers: Cannot use XGE Shader Compiler as Incredibuild is not installed on this machine.
[2022.03.05-11.00.04:372][  0]LogShaderCompilers: Display: Using Local Shader Compiler.
[2022.03.05-11.00.05:222][  0]LogDerivedDataCache: Display: Max Cache Size: 512 MB
[2022.03.05-11.00.05:302][  0]LogDerivedDataCache: Loaded boot cache 0.08s 117MB C:/Users/Timothe/AppData/Local/UnrealEngine/4.27/DerivedDataCache/Boot.ddc.
[2022.03.05-11.00.05:302][  0]LogDerivedDataCache: Display: Loaded Boot cache: C:/Users/Timothe/AppData/Local/UnrealEngine/4.27/DerivedDataCache/Boot.ddc
[2022.03.05-11.00.05:303][  0]LogDerivedDataCache: FDerivedDataBackendGraph:  Pak pak cache file ../../../../../GitHubProjects/YGJ_03-22/GameJamYnov/DerivedDataCache/DDC.ddp not found, will not use a pak cache.
[2022.03.05-11.00.05:303][  0]LogDerivedDataCache: Unable to find inner node Pak for hierarchical cache Hierarchy.
[2022.03.05-11.00.05:303][  0]LogDerivedDataCache: FDerivedDataBackendGraph:  CompressedPak pak cache file ../../../../../GitHubProjects/YGJ_03-22/GameJamYnov/DerivedDataCache/Compressed.ddp not found, will not use a pak cache.
[2022.03.05-11.00.05:303][  0]LogDerivedDataCache: Unable to find inner node CompressedPak for hierarchical cache Hierarchy.
[2022.03.05-11.00.05:322][  0]LogDerivedDataCache: Display: Pak cache opened for reading ../../../Engine/DerivedDataCache/Compressed.ddp.
[2022.03.05-11.00.05:322][  0]LogDerivedDataCache: FDerivedDataBackendGraph:  EnterprisePak pak cache file ../../../Enterprise/DerivedDataCache/Compressed.ddp not found, will not use a pak cache.
[2022.03.05-11.00.05:322][  0]LogDerivedDataCache: Unable to find inner node EnterprisePak for hierarchical cache Hierarchy.
[2022.03.05-11.00.05:333][  0]LogDerivedDataCache: Speed tests for C:/Users/Timothe/AppData/Local/UnrealEngine/Common/DerivedDataCache took 0.01 seconds
[2022.03.05-11.00.05:333][  0]LogDerivedDataCache: Display: Performance to C:/Users/Timothe/AppData/Local/UnrealEngine/Common/DerivedDataCache: Latency=0.05ms. RandomReadSpeed=1061.17MBs, RandomWriteSpeed=100.32MBs. Assigned SpeedClass 'Local'
[2022.03.05-11.00.05:335][  0]LogDerivedDataCache: Using Local data cache path C:/Users/Timothe/AppData/Local/UnrealEngine/Common/DerivedDataCache: Writable
[2022.03.05-11.00.05:335][  0]LogDerivedDataCache: Shared data cache path not found in *engine.ini, will not use an Shared cache.
[2022.03.05-11.00.05:335][  0]LogDerivedDataCache: Unable to find inner node Shared for hierarchical cache Hierarchy.
[2022.03.05-11.00.05:395][  0]LogSlate: Using FreeType 2.10.0
[2022.03.05-11.00.05:395][  0]LogSlate: SlateFontServices - WITH_FREETYPE: 1, WITH_HARFBUZZ: 1
[2022.03.05-11.00.05:424][  0]LogAssetRegistry: FAssetRegistry took 0.0026 seconds to start up
[2022.03.05-11.00.05:683][  0]LogInit: Selected Device Profile: [Windows]
[2022.03.05-11.00.05:683][  0]LogInit: Active device profile: [000001CBC0A4AE00][000001CBBEC8A2C0 49] Windows
[2022.03.05-11.00.05:683][  0]LogInit: Profiles: [000001CBC0A4AE00][000001CBBEC8A2C0 49] Windows, [000001CBC09E9600][000001CBC000E440 49] WindowsNoEditor, [000001CBC0A4A300][000001CBC00125C0 49] WindowsServer, [000001CBC09EB100][000001CBC0016740 49] WindowsClient, [000001CBC0A48900][000001CBC001A8C0 49] IOS, [000001CBC09EB200][000001CBC000AA00 49] iPadAir, [000001CBC0A4A000][000001CBC001EB40 49] iPadAir2, [000001CBC098CE00][000001CBC0026D80 49] IPadPro, [000001CBC098CF00][000001CBC0022DC0 49] iPadAir3, [000001CBC09E9500][000001CBC002EF40 49] iPadAir4, [000001CBC098DB00][000001CBC00330C0 49] iPadMini2, [000001CBC09E8900][000001CBC0037240 49] iPadMini3, [000001CBC098F600][000001CBC003B3C0 49] iPadMini4, [000001CBC09EAF00][000001CBC003F540 49] iPadMini5, [000001CBC0994500][000001CBC0047800 49] iPhone6, [000001CBC0994600][000001CBC0043840 49] iPodTouch6, [000001CBC0A4B200][000001CBC004FB00 49] iPhone7, [000001CBC0A4B600][000001CBC004BB40 49] iPodTouch7, [000001CBC0994300][000001CBC0052140 49] iPhone5S, [000001CBC098C400][000001CBC00562C0 49] iPhone6Plus, [000001CBC0997700][000001CBC005A440 49] iPhone6S, [000001CBC098D200][000001CBC005E5C0 49] iPhone6SPlus, [000001CBC0996000][000001CBC0062740 49] iPhone7Plus, [000001CBC098C500][000001CBC00668C0 49] iPhoneSE, [000001CBC0997400][000001CBC006AA40 49] iPhone8, [000001CBC098EA00][000001CBC002AB80 49] iPhone8Plus, [000001CBC0A48800][000001CBC006ECC0 49] iPhoneX, [000001CBC098C300][000001CBC0072E00 49] iPhoneXS, [000001CBC0A4BD00][000001CBC0076F40 49] iPhoneXSMax, [000001CBC098CB00][000001CBC007F0C0 49] iPhoneXR, [000001CBC0A4B400][000001CBC0083240 49] iPhone11, [000001CBC098EF00][000001CBC00873C0 49] iPhone11Pro, [000001CBC0A49900][000001CBC008B540 49] iPhone11ProMax, [000001CBC098EE00][000001CBC008F6C0 49] iPhoneSE2, [000001CBC0A49F00][000001CBC0093840 49] iPhone12Mini, [000001CBC098FD00][000001CBC00979C0 49] iPhone12, [000001CBC0A4A100][000001CBC009BB40 49] iPhone12Pro, [000001CBC098E900][000001CBC10B0140 49] iPhone12ProMax, [000001CBC0A48400][000001CBC10B42C0 49] iPadPro105, [000001CBC098D500][000001CBC10B8440 49] iPadPro129, [000001CBC0A4A900][000001CBC10BC5C0 49] iPadPro97, [000001CBC098FC00][000001CBC10C0740 49] iPadPro2_129, [000001CBC0A48B00][000001CBC10C48C0 49] iPad5, [000001CBC098ED00][000001CBC10C8A40 49] iPad6, [000001CBC0A4A600][000001CBC10CCBC0 49] iPad7, [000001CBC098F300][000001CBC10D0D40 49] iPad8, [000001CBC0A49700][000001CBC007AE80 49] iPadPro11, [000001CBC098C600][000001CBC10D4FC0 49] iPadPro2_11, [000001CBC0A4AC00][000001CBC10D9100 49] iPadPro3_129, [000001CBC098C800][000001CBC10E1280 49] iPadPro4_129, [000001CBC0A49C00][000001CBC10E5400 49] AppleTV, [000001CBC098F400][000001CBC10E9580 49] AppleTV4K, [000001CBC0A48200][000001CBC10ED700 49] TVOS, [000001CBC098F900][000001CBC10F1880 49] Mac, [000001CBC0A4BA00][000001CBC10F5A00 49] MacClient, [000001CBC098D900][000001CBC10F9B80 49] MacNoEditor, [000001CBC0A49B00][000001CBC10FC180 49] MacServer, [000001CBC098D400][000001CBC1100300 49] Linux, [000001CBC0A4B800][000001CBC1104480 49] LinuxAArch64, [000001CBC098E300][000001CBC1108600 49] LinuxNoEditor, [000001CBC0A49100][000001CBC110C780 49] LinuxAArch64NoEditor, [000001CBC098FF00][000001CBC1110900 49] LinuxClient, [000001CBC0A4A700][000001CBC1114A80 49] LinuxAArch64Client, [000001CBC098E500][000001CBC1118C00 49] LinuxServer, [000001CBC0A4B000][000001CBC111CD80 49] LinuxAArch64Server, [000001CBC098C100][000001CBC1120F00 49] Android, [000001CBC0A4B700][000001CBC10DD040 49] Android_Low, [000001CBC098E000][000001CBC1125180 49] Android_Mid, [000001CBC0A48100][000001CBC11292C0 49] Android_High, [000001CBC098F800][000001CBC1131440 49] Android_Default, [000001CBC09E9400][000001CBC11355C0 49] Android_Adreno4xx, [000001CBC0994B00][000001CBC1139740 49] Android_Adreno5xx_Low, [000001CBC09E9B00][000001CBC113D8C0 49] Android_Adreno5xx, [000001CBC0995B00][000001CBC1141A40 49] Android_Adreno6xx, [000001CBC09EA600][000001CBC1145BC0 49] Android_Adreno6xx_Vulkan, [000001CBC0994C00][000001CBC11481C0 49] Android_Mali_T6xx, [000001CBC09EA300][000001CBC114C340 49] Android_Mali_T7xx, [000001CBC0994200][000001CBC11504C0 49] Android_Mali_T8xx, [000001CBC09E9300][000001CBC1154640 49] Android_Mali_G71, [000001CBC0996A00][000001CBC11587C0 49] Android_Mali_G72, [000001CBC09E8F00][000001CBC115C940 49] Android_Mali_G72_Vulkan, [000001CBC0995200][000001CBC1160AC0 49] Android_Mali_G76, [000001CBC09E9F00][000001CBC1164C40 49] Android_Mali_G76_Vulkan, [000001CBC0995700][000001CBC1168DC0 49] Android_Mali_G77, [000001CBC09EBB00][000001CBC116CF40 49] Android_Mali_G77_Vulkan, [000001CBC0994D00][000001CBC11710C0 49] Android_Mali_G78, [000001CBC09EA900][000001CBC112D200 49] Android_Mali_G78_Vulkan, [000001CBC0997B00][000001CBC1175340 49] Android_Mali_G710, [000001CBC09E8800][000001CBC1179480 49] Android_Mali_G710_Vulkan, [000001CBC0997200][000001CBC117D5C0 49] Android_Vulkan_SM5, [000001CBC09E8D00][000001CBC1185740 49] Android_PowerVR_G6xxx, [000001CBC0994E00][000001CBC11898C0 49] Android_PowerVR_GT7xxx, [000001CBC09EBD00][000001CBC118DA40 49] Android_PowerVR_GE8xxx, [000001CBC0994700][000001CBC1191BC0 49] Android_PowerVR_GM9xxx, [000001CBC09E8C00][000001CBC11941C0 49] Android_PowerVR_GM9xxx_Vulkan, [000001CBC0997900][000001CBC1198340 49] Android_TegraK1, [000001CBC098DD00][000001CBC119C4C0 49] Android_Unknown_Vulkan, [000001CBC0997100][000001CBC11A0640 49] Lumin, [000001CBC098E400][000001CBC11A47C0 49] Lumin_Desktop, [000001CBC0997000][000001CBC11A8940 49] HoloLens, 
[2022.03.05-11.00.05:831][  0]LogMeshReduction: Using QuadricMeshReduction for automatic static mesh reduction
[2022.03.05-11.00.05:831][  0]LogMeshReduction: Using SimplygonMeshReduction for automatic skeletal mesh reduction
[2022.03.05-11.00.05:831][  0]LogMeshReduction: Using ProxyLODMeshReduction for automatic mesh merging
[2022.03.05-11.00.05:831][  0]LogMeshReduction: No distributed automatic mesh merging module available
[2022.03.05-11.00.05:831][  0]LogMeshMerging: No distributed automatic mesh merging module available
[2022.03.05-11.00.05:848][  0]LogNetVersion: GameJamYnov 1.0.0, NetCL: 17155196, EngineNetVer: 17, GameNetVer: 0 (Checksum: 3183585137)
[2022.03.05-11.00.06:297][  0]LogTexture: Default maximum texture size for cubemaps generated from long-lat sources has been changed from 512 to unlimited. In order to preserve old behaiour for '/Engine/MapTemplates/Sky/DaylightAmbientCubemap.DaylightAmbientCubemap', its maximum texture size has been explicitly set to 512.
[2022.03.05-11.00.06:360][  0]LogHMD: PokeAHoleMaterial loaded successfully
[2022.03.05-11.00.06:366][  0]LogUObjectArray: 17179 objects as part of root set at end of initial load.
[2022.03.05-11.00.06:366][  0]LogUObjectAllocator: 4302256 out of 0 bytes used by permanent object pool.
[2022.03.05-11.00.06:366][  0]LogUObjectArray: CloseDisregardForGC: 0/0 objects in disregard for GC pool
[2022.03.05-11.00.06:623][  0]LogPython: Using Python 3.7.7
[2022.03.05-11.00.07:182][  0]LogNiagaraDebuggerClient: Niagara Debugger Client Initialized | Session: E70D80334B717A1BD1C2B08EC6AA7F54 | Instance: 4F4D0ABC4D9E92B91A5206B2E9EEC8C3 (DESKTOP-CSOK1C7-33856).
[2022.03.05-11.00.07:362][  0]LogUdpMessaging: Initializing bridge on interface 0.0.0.0:0 to multicast group 230.0.0.1:6666.
[2022.03.05-11.00.07:371][  0]LogTcpMessaging: Initializing TcpMessaging bridge
[2022.03.05-11.00.07:567][  0]SourceControl: Source control is disabled
[2022.03.05-11.00.07:567][  0]SourceControl: Source control is disabled
[2022.03.05-11.00.07:570][  0]SourceControl: Source control is disabled
[2022.03.05-11.00.07:573][  0]SourceControl: Source control is disabled
[2022.03.05-11.00.07:585][  0]SourceControl: Source control is disabled
[2022.03.05-11.00.07:728][  0]LogOpenImageDenoise: OIDN starting up
[2022.03.05-11.00.07:731][  0]LogUProjectInfo: Found projects:
[2022.03.05-11.00.07:787][  0]LogAndroidPermission: UAndroidPermissionCallbackProxy::GetInstance
[2022.03.05-11.00.07:822][  0]LogAudioCaptureCore: Display: No Audio Capture implementations found. Audio input will be silent.
[2022.03.05-11.00.07:822][  0]LogAudioCaptureCore: Display: No Audio Capture implementations found. Audio input will be silent.
[2022.03.05-11.00.08:049][  0]LogOcInput: OculusInput pre-init called
[2022.03.05-11.00.08:278][  0]LogCollectionManager: Loaded 0 collections in 0.000741 seconds
[2022.03.05-11.00.08:297][  0]LogFileCache: Scanning file cache for directory 'D:/GitHubProjects/YGJ_03-22/GameJamYnov/Saved/Collections/' took 0.00s
[2022.03.05-11.00.08:297][  0]LogFileCache: Scanning file cache for directory 'D:/GitHubProjects/YGJ_03-22/GameJamYnov/Content/Developers/Timothe/Collections/' took 0.00s
[2022.03.05-11.00.08:297][  0]LogFileCache: Scanning file cache for directory 'D:/GitHubProjects/YGJ_03-22/GameJamYnov/Content/Collections/' took 0.00s
[2022.03.05-11.00.08:689][  0]LogClass: Display: Int8Property FMTSJson::version is not initialized properly. Module:MegascansPlugin File:Private/Utilities/MTSReader.h
[2022.03.05-11.00.08:689][  0]LogClass: Display: Int16Property FMTSJson::resolutionValue is not initialized properly. Module:MegascansPlugin File:Private/Utilities/MTSReader.h
[2022.03.05-11.00.08:689][  0]LogClass: Display: BoolProperty FMTSJson::isExternal is not initialized properly. Module:MegascansPlugin File:Private/Utilities/MTSReader.h
[2022.03.05-11.00.08:689][  0]LogClass: Display: Int8Property FMTSJson::meshVersion is not initialized properly. Module:MegascansPlugin File:Private/Utilities/MTSReader.h
[2022.03.05-11.00.08:689][  0]LogClass: Display: BoolProperty FMTSJson::isCustom is not initialized properly. Module:MegascansPlugin File:Private/Utilities/MTSReader.h
[2022.03.05-11.00.08:689][  0]LogClass: Display: BoolProperty FMTSJson::isModularAsset is not initialized properly. Module:MegascansPlugin File:Private/Utilities/MTSReader.h
[2022.03.05-11.00.08:689][  0]LogClass: Display: Int8Property FLodList::variation is not initialized properly. Module:MegascansPlugin File:Private/Utilities/MTSReader.h
[2022.03.05-11.00.08:689][  0]LogClass: Display: Int16Property FMeshList::resolution is not initialized properly. Module:MegascansPlugin File:Private/Utilities/MTSReader.h
[2022.03.05-11.00.08:689][  0]LogClass: Display: Int16Property FComponents::resolution is not initialized properly. Module:MegascansPlugin File:Private/Utilities/MTSReader.h
[2022.03.05-11.00.08:689][  0]LogClass: Display: BoolProperty FTextureSets::isUdim is not initialized properly. Module:MegascansPlugin File:Private/Utilities/MTSReader.h
[2022.03.05-11.00.08:689][  0]LogClass: Display: BoolProperty FMeta::value is not initialized properly. Module:MegascansPlugin File:Private/Utilities/MTSReader.h
[2022.03.05-11.00.08:689][  0]LogClass: Display: 11 Uninitialized script struct members found including 0 object properties
[2022.03.05-11.00.08:690][  0]LogEngine: Initializing Engine...
[2022.03.05-11.00.08:774][  0]LogHMD: Failed to initialize OpenVR with code 108
[2022.03.05-11.00.09:108][  0]LogHMD: Optional extension XR_VARJO_quad_views is not available
[2022.03.05-11.00.09:153][  0]LogHMD: Warning: Required extension XR_EXT_eye_gaze_interaction is not available
[2022.03.05-11.00.09:153][  0]LogHMD: Could not enable all required OpenXR extensions for OpenXREyeTracker on current system. This plugin will be loaded but ignored, but will be enabled on a target platform that supports the required extension.
[2022.03.05-11.00.09:199][  0]LogHMD: Failed to create an OpenXR instance, result is XR_ERROR_RUNTIME_FAILURE. Please check if you have an OpenXR runtime installed. The following extensions were enabled:
[2022.03.05-11.00.09:199][  0]LogHMD: - XR_KHR_D3D11_enable
[2022.03.05-11.00.09:199][  0]LogHMD: - XR_KHR_D3D12_enable
[2022.03.05-11.00.09:199][  0]LogHMD: - XR_KHR_opengl_enable
[2022.03.05-11.00.09:199][  0]LogHMD: - XR_KHR_vulkan_enable
[2022.03.05-11.00.09:199][  0]LogHMD: - XR_KHR_composition_layer_depth
[2022.03.05-11.00.09:199][  0]LogHMD: - XR_KHR_visibility_mask
[2022.03.05-11.00.09:199][  0]LogHMD: - XR_EXT_hand_tracking
[2022.03.05-11.00.09:240][  0]LogMagicLeap: Warning: VR disabled because ZI is not enabled.  To enable, in the editor, Edit -> Project Settings -> Plugins -> Magic Leap Plugin -> Enable Zero Iteration
[2022.03.05-11.00.09:241][  0]LogStats: UGameplayTagsManager::InitializeManager -  0.000 s
[2022.03.05-11.00.09:379][  0]LogInit: Initializing FReadOnlyCVARCache
[2022.03.05-11.00.09:387][  0]LogAIModule: Creating AISystem for world Untitled
[2022.03.05-11.00.09:402][  0]LogAudio: Display: Initializing Audio Device Manager...
[2022.03.05-11.00.09:406][  0]LogAudio: Display: Loading Default Audio Settings Objects...
[2022.03.05-11.00.09:407][  0]LogAudio: Display: No default SoundConcurrencyObject specified (or failed to load).
[2022.03.05-11.00.09:407][  0]LogAudio: Display: Audio Device Manager Initialized
[2022.03.05-11.00.09:407][  0]LogAudio: Display: Creating Audio Device:                 Id: 1, Scope: Shared, Realtime: True
[2022.03.05-11.00.09:407][  0]LogAudioMixer: Display: Audio Mixer Platform Settings:
[2022.03.05-11.00.09:407][  0]LogAudioMixer: Display: 	Sample Rate:						  48000
[2022.03.05-11.00.09:407][  0]LogAudioMixer: Display: 	Callback Buffer Frame Size Requested: 1024
[2022.03.05-11.00.09:407][  0]LogAudioMixer: Display: 	Callback Buffer Frame Size To Use:	  1024
[2022.03.05-11.00.09:407][  0]LogAudioMixer: Display: 	Number of buffers to queue:			  2
[2022.03.05-11.00.09:407][  0]LogAudioMixer: Display: 	Max Channels (voices):				  32
[2022.03.05-11.00.09:407][  0]LogAudioMixer: Display: 	Number of Async Source Workers:		  0
[2022.03.05-11.00.09:407][  0]LogAudio: Display: AudioDevice MaxSources: 32
[2022.03.05-11.00.09:408][  0]LogAudio: Display: Audio Spatialization Plugin: None (built-in).
[2022.03.05-11.00.09:408][  0]LogAudio: Display: Audio Reverb Plugin: None (built-in).
[2022.03.05-11.00.09:408][  0]LogAudio: Display: Audio Occlusion Plugin: None (built-in).
[2022.03.05-11.00.09:408][  0]LogAudioMixer: Display: Initializing audio mixer.
[2022.03.05-11.00.09:423][  0]LogAudioMixer: Display: 0: FrontLeft
[2022.03.05-11.00.09:423][  0]LogAudioMixer: Display: 1: FrontRight
[2022.03.05-11.00.09:553][  0]LogAudioMixer: Display: Using Audio Device Haut-parleurs (Realtek High Definition Audio)
[2022.03.05-11.00.09:555][  0]LogAudioMixer: Display: Initializing Sound Submixes...
[2022.03.05-11.00.09:557][  0]LogAudioMixer: Display: Creating Master Submix 'MasterSubmixDefault'
[2022.03.05-11.00.09:558][  0]LogAudioMixer: Display: Creating Master Submix 'MasterReverbSubmixDefault'
[2022.03.05-11.00.09:558][  0]LogAudioMixer: Display: Creating Master Submix 'MasterEQSubmixDefault'
[2022.03.05-11.00.09:558][  0]LogAudioMixer: FMixerPlatformXAudio2::StartAudioStream() called
[2022.03.05-11.00.09:558][  0]LogAudioMixer: Display: Output buffers initialized: Frames=1024, Channels=2, Samples=2048
[2022.03.05-11.00.09:559][  0]LogAudioMixer: Display: Starting AudioMixerPlatformInterface::RunInternal()
[2022.03.05-11.00.09:559][  0]LogAudioMixer: Display: FMixerPlatformXAudio2::SubmitBuffer() called for the first time
[2022.03.05-11.00.09:559][  0]LogInit: FAudioDevice initialized.
[2022.03.05-11.00.09:560][  0]LogAudio: Display: Audio Device (ID: 1) registered with world 'Untitled'.
[2022.03.05-11.00.09:560][  0]LogNetVersion: Set ProjectVersion to 1.0.0.0. Version Checksum will be recalculated on next use.
[2022.03.05-11.00.09:624][  0]LogDerivedDataCache: Saved boot cache 0.06s 117MB C:/Users/Timothe/AppData/Local/UnrealEngine/4.27/DerivedDataCache/Boot.ddc.
[2022.03.05-11.00.09:626][  0]LogInit: Texture streaming: Enabled
[2022.03.05-11.00.09:638][  0]LogAnalytics: Display: [UEEditor.Rocket.Release] APIServer = https://datarouter.ol.epicgames.com/. AppVersion = 4.27.2-18319896+++UE4+Release-4.27
[2022.03.05-11.00.09:642][  0]LogEngineSessionManager: EngineSessionManager initialized
[2022.03.05-11.00.09:642][  0]LogEditorSessionSummary: Verbose: Initializing EditorSessionSummaryWriter for editor session tracking
[2022.03.05-11.00.09:646][  0]LogEditorSessionSummary: EditorSessionSummaryWriter initialized
[2022.03.05-11.00.09:666][  0]LogInit: Transaction tracking system initialized
[2022.03.05-11.00.09:692][  0]BlueprintLog: New page: Editor Load
[2022.03.05-11.00.09:779][  0]LocalizationService: Localization service is disabled
[2022.03.05-11.00.09:803][  0]TimingProfiler: Initialize
[2022.03.05-11.00.09:803][  0]TimingProfiler: OnSessionChanged
[2022.03.05-11.00.09:803][  0]LoadingProfiler: Initialize
[2022.03.05-11.00.09:803][  0]LoadingProfiler: OnSessionChanged
[2022.03.05-11.00.09:803][  0]NetworkingProfiler: Initialize
[2022.03.05-11.00.09:803][  0]NetworkingProfiler: OnSessionChanged
[2022.03.05-11.00.09:803][  0]MemoryProfiler: Initialize
[2022.03.05-11.00.09:803][  0]MemoryProfiler: OnSessionChanged
[2022.03.05-11.00.10:183][  0]LogCook: Display: CookSettings for Memory: MemoryMaxUsedVirtual 0MiB, MemoryMaxUsedPhysical 16384MiB, MemoryMinFreeVirtual 0MiB, MemoryMinFreePhysical 1024MiB
[2022.03.05-11.00.10:184][  0]LogFileCache: Scanning file cache for directory 'D:/GitHubProjects/YGJ_03-22/GameJamYnov/Content/' took 0.00s
[2022.03.05-11.00.10:184][  0]LogCook: Display: Mobile HDR setting 1
[2022.03.05-11.00.10:606][  0]LogInit: Display: Engine is initialized. Leaving FEngineLoop::Init()
[2022.03.05-11.00.10:731][  0]SourceControl: Source control is disabled
[2022.03.05-11.00.10:731][  0]LogUnrealEdMisc: Loading editor; pre map load, took 10.708
[2022.03.05-11.00.10:732][  0]Cmd: MAP LOAD FILE="../../../Engine/Content/Maps/Templates/Template_Default.umap" TEMPLATE=1 SHOWPROGRESS=1 FEATURELEVEL=3
[2022.03.05-11.00.10:732][  0]LightingResults: New page: Lighting Build
[2022.03.05-11.00.10:734][  0]LogWorld: UWorld::CleanupWorld for Untitled, bSessionEnded=true, bCleanupResources=true
[2022.03.05-11.00.10:734][  0]LogSlate: InvalidateAllWidgets triggered.  All widgets were invalidated
[2022.03.05-11.00.10:734][  0]MapCheck: New page: Map Check
[2022.03.05-11.00.10:735][  0]LightingResults: New page: Lighting Build
[2022.03.05-11.00.10:835][  0]LogAudio: Display: Audio Device unregistered from world 'None'.
[2022.03.05-11.00.10:838][  0]LogUObjectHash: Compacting FUObjectHashTables data took   1.00ms
[2022.03.05-11.00.10:902][  0]LogTexture: Display: Building textures: DeprecatedTextureEB9CBE3C423008B5E8E130901E171C89 (BGRA8, 128X128)
[2022.03.05-11.00.10:909][  0]LogAudio: Display: Audio Device (ID: 1) registered with world 'Untitled_1'.
[2022.03.05-11.00.10:910][  0]LogAIModule: Creating AISystem for world Untitled_1
[2022.03.05-11.00.10:915][  0]LogEditorServer: Finished looking for orphan Actors (0.000 secs)
[2022.03.05-11.00.13:521][  0]LogUObjectHash: Compacting FUObjectHashTables data took   0.91ms
[2022.03.05-11.00.13:522][  0]Cmd: MAP CHECKDEP NOCLEARLOG
[2022.03.05-11.00.13:522][  0]MapCheck: Map check complete: 0 Error(s), 0 Warning(s), took 0,147ms to complete.
[2022.03.05-11.00.13:522][  0]LogFileHelpers: Loading map 'Template_Default' took 2.790
[2022.03.05-11.00.13:524][  0]LogUnrealEdMisc: Total Editor Startup Time, took 13.500
[2022.03.05-11.00.15:631][  0]LogSlate: Updating window title bar state: overlay mode, drag disabled, window buttons hidden, title bar hidden
[2022.03.05-11.00.15:643][  0]LogSlate: Updating window title bar state: overlay mode, drag disabled, window buttons hidden, title bar hidden
[2022.03.05-11.00.15:654][  0]LogSlate: Updating window title bar state: overlay mode, drag disabled, window buttons hidden, title bar hidden
[2022.03.05-11.00.15:665][  0]LogSlate: Updating window title bar state: overlay mode, drag disabled, window buttons hidden, title bar hidden
[2022.03.05-11.00.16:747][  0]LogNativeClassHierarchy: Verbose: Native class hierarchy populated in 0.0532 seconds. Added 3833 classes and 935 folders.
[2022.03.05-11.00.17:073][  0]LogNativeClassHierarchy: Verbose: Native class hierarchy updated for 'WidgetCarousel' in 0.0012 seconds. Added 0 classes and 0 folders.
[2022.03.05-11.00.17:080][  0]LogPakFile: PakFile PrimaryIndexSize=187
[2022.03.05-11.00.17:080][  0]LogPakFile: PakFile PathHashIndexSize=101
[2022.03.05-11.00.17:080][  0]LogPakFile: PakFile FullDirectoryIndexSize=148
[2022.03.05-11.00.17:080][  0]LogShaderLibrary: Display: ShaderCodeLibraryPakFileMountedCallback: PakFile 'D:/Epic Games/UE_4.27/FeaturePacks/FP_FirstPerson.upack' (chunk index -1, root 'root:/') mounted
[2022.03.05-11.00.17:080][  0]LogShaderLibrary: Display: ShaderCodeLibraryPakFileMountedCallback: pending pak file info (ChunkID:-1 Root:root:/ File:D:/Epic Games/UE_4.27/FeaturePacks/FP_FirstPerson.upack)
[2022.03.05-11.00.17:081][  0]LogPakFile: OnPakFileMounted2Time == 0.000395
[2022.03.05-11.00.17:084][  0]LogPakFile: PakFile PrimaryIndexSize=189
[2022.03.05-11.00.17:084][  0]LogPakFile: PakFile PathHashIndexSize=101
[2022.03.05-11.00.17:084][  0]LogPakFile: PakFile FullDirectoryIndexSize=152
[2022.03.05-11.00.17:084][  0]LogShaderLibrary: Display: ShaderCodeLibraryPakFileMountedCallback: PakFile 'D:/Epic Games/UE_4.27/FeaturePacks/FP_FirstPersonBP.upack' (chunk index -1, root 'root:/') mounted
[2022.03.05-11.00.17:084][  0]LogShaderLibrary: Display: ShaderCodeLibraryPakFileMountedCallback: pending pak file info (ChunkID:-1 Root:root:/ File:D:/Epic Games/UE_4.27/FeaturePacks/FP_FirstPersonBP.upack)
[2022.03.05-11.00.17:085][  0]LogPakFile: OnPakFileMounted2Time == 0.000326
[2022.03.05-11.00.17:088][  0]LogPakFile: PakFile PrimaryIndexSize=191
[2022.03.05-11.00.17:088][  0]LogPakFile: PakFile PathHashIndexSize=101
[2022.03.05-11.00.17:088][  0]LogPakFile: PakFile FullDirectoryIndexSize=160
[2022.03.05-11.00.17:088][  0]LogShaderLibrary: Display: ShaderCodeLibraryPakFileMountedCallback: PakFile 'D:/Epic Games/UE_4.27/FeaturePacks/MobileStarterContent.upack' (chunk index -1, root 'root:/') mounted
[2022.03.05-11.00.17:088][  0]LogShaderLibrary: Display: ShaderCodeLibraryPakFileMountedCallback: pending pak file info (ChunkID:-1 Root:root:/ File:D:/Epic Games/UE_4.27/FeaturePacks/MobileStarterContent.upack)
[2022.03.05-11.00.17:088][  0]LogPakFile: OnPakFileMounted2Time == 0.000287
[2022.03.05-11.00.17:092][  0]LogPakFile: PakFile PrimaryIndexSize=185
[2022.03.05-11.00.17:092][  0]LogPakFile: PakFile PathHashIndexSize=101
[2022.03.05-11.00.17:092][  0]LogPakFile: PakFile FullDirectoryIndexSize=148
[2022.03.05-11.00.17:092][  0]LogShaderLibrary: Display: ShaderCodeLibraryPakFileMountedCallback: PakFile 'D:/Epic Games/UE_4.27/FeaturePacks/StarterContent.upack' (chunk index -1, root 'root:/') mounted
[2022.03.05-11.00.17:092][  0]LogShaderLibrary: Display: ShaderCodeLibraryPakFileMountedCallback: pending pak file info (ChunkID:-1 Root:root:/ File:D:/Epic Games/UE_4.27/FeaturePacks/StarterContent.upack)
[2022.03.05-11.00.17:092][  0]LogPakFile: OnPakFileMounted2Time == 0.000406
[2022.03.05-11.00.17:095][  0]LogPakFile: PakFile PrimaryIndexSize=190
[2022.03.05-11.00.17:095][  0]LogPakFile: PakFile PathHashIndexSize=101
[2022.03.05-11.00.17:095][  0]LogPakFile: PakFile FullDirectoryIndexSize=154
[2022.03.05-11.00.17:095][  0]LogShaderLibrary: Display: ShaderCodeLibraryPakFileMountedCallback: PakFile 'D:/Epic Games/UE_4.27/FeaturePacks/TP_2DSideScroller.upack' (chunk index -1, root 'root:/') mounted
[2022.03.05-11.00.17:095][  0]LogShaderLibrary: Display: ShaderCodeLibraryPakFileMountedCallback: pending pak file info (ChunkID:-1 Root:root:/ File:D:/Epic Games/UE_4.27/FeaturePacks/TP_2DSideScroller.upack)
[2022.03.05-11.00.17:095][  0]LogPakFile: OnPakFileMounted2Time == 0.000184
[2022.03.05-11.00.17:098][  0]LogPakFile: PakFile PrimaryIndexSize=192
[2022.03.05-11.00.17:098][  0]LogPakFile: PakFile PathHashIndexSize=101
[2022.03.05-11.00.17:098][  0]LogPakFile: PakFile FullDirectoryIndexSize=158
[2022.03.05-11.00.17:098][  0]LogShaderLibrary: Display: ShaderCodeLibraryPakFileMountedCallback: PakFile 'D:/Epic Games/UE_4.27/FeaturePacks/TP_2DSideScrollerBP.upack' (chunk index -1, root 'root:/') mounted
[2022.03.05-11.00.17:098][  0]LogShaderLibrary: Display: ShaderCodeLibraryPakFileMountedCallback: pending pak file info (ChunkID:-1 Root:root:/ File:D:/Epic Games/UE_4.27/FeaturePacks/TP_2DSideScrollerBP.upack)
[2022.03.05-11.00.17:098][  0]LogPakFile: OnPakFileMounted2Time == 0.000194
[2022.03.05-11.00.17:101][  0]LogPakFile: PakFile PrimaryIndexSize=182
[2022.03.05-11.00.17:101][  0]LogPakFile: PakFile PathHashIndexSize=101
[2022.03.05-11.00.17:101][  0]LogPakFile: PakFile FullDirectoryIndexSize=138
[2022.03.05-11.00.17:101][  0]LogShaderLibrary: Display: ShaderCodeLibraryPakFileMountedCallback: PakFile 'D:/Epic Games/UE_4.27/FeaturePacks/TP_Flying.upack' (chunk index -1, root 'root:/') mounted
[2022.03.05-11.00.17:101][  0]LogShaderLibrary: Display: ShaderCodeLibraryPakFileMountedCallback: pending pak file info (ChunkID:-1 Root:root:/ File:D:/Epic Games/UE_4.27/FeaturePacks/TP_Flying.upack)
[2022.03.05-11.00.17:102][  0]LogPakFile: OnPakFileMounted2Time == 0.000280
[2022.03.05-11.00.17:104][  0]LogPakFile: PakFile PrimaryIndexSize=184
[2022.03.05-11.00.17:104][  0]LogPakFile: PakFile PathHashIndexSize=101
[2022.03.05-11.00.17:104][  0]LogPakFile: PakFile FullDirectoryIndexSize=142
[2022.03.05-11.00.17:104][  0]LogShaderLibrary: Display: ShaderCodeLibraryPakFileMountedCallback: PakFile 'D:/Epic Games/UE_4.27/FeaturePacks/TP_FlyingBP.upack' (chunk index -1, root 'root:/') mounted
[2022.03.05-11.00.17:105][  0]LogShaderLibrary: Display: ShaderCodeLibraryPakFileMountedCallback: pending pak file info (ChunkID:-1 Root:root:/ File:D:/Epic Games/UE_4.27/FeaturePacks/TP_FlyingBP.upack)
[2022.03.05-11.00.17:105][  0]LogPakFile: OnPakFileMounted2Time == 0.000346
[2022.03.05-11.00.17:108][  0]LogPakFile: PakFile PrimaryIndexSize=188
[2022.03.05-11.00.17:108][  0]LogPakFile: PakFile PathHashIndexSize=101
[2022.03.05-11.00.17:109][  0]LogPakFile: PakFile FullDirectoryIndexSize=150
[2022.03.05-11.00.17:109][  0]LogShaderLibrary: Display: ShaderCodeLibraryPakFileMountedCallback: PakFile 'D:/Epic Games/UE_4.27/FeaturePacks/TP_HandheldARBP.upack' (chunk index -1, root 'root:/') mounted
[2022.03.05-11.00.17:109][  0]LogShaderLibrary: Display: ShaderCodeLibraryPakFileMountedCallback: pending pak file info (ChunkID:-1 Root:root:/ File:D:/Epic Games/UE_4.27/FeaturePacks/TP_HandheldARBP.upack)
[2022.03.05-11.00.17:109][  0]LogPakFile: OnPakFileMounted2Time == 0.000170
[2022.03.05-11.00.17:111][  0]LogPakFile: PakFile PrimaryIndexSize=182
[2022.03.05-11.00.17:111][  0]LogPakFile: PakFile PathHashIndexSize=101
[2022.03.05-11.00.17:111][  0]LogPakFile: PakFile FullDirectoryIndexSize=138
[2022.03.05-11.00.17:112][  0]LogShaderLibrary: Display: ShaderCodeLibraryPakFileMountedCallback: PakFile 'D:/Epic Games/UE_4.27/FeaturePacks/TP_Puzzle.upack' (chunk index -1, root 'root:/') mounted
[2022.03.05-11.00.17:112][  0]LogShaderLibrary: Display: ShaderCodeLibraryPakFileMountedCallback: pending pak file info (ChunkID:-1 Root:root:/ File:D:/Epic Games/UE_4.27/FeaturePacks/TP_Puzzle.upack)
[2022.03.05-11.00.17:112][  0]LogPakFile: OnPakFileMounted2Time == 0.000211
[2022.03.05-11.00.17:114][  0]LogPakFile: PakFile PrimaryIndexSize=184
[2022.03.05-11.00.17:114][  0]LogPakFile: PakFile PathHashIndexSize=101
[2022.03.05-11.00.17:114][  0]LogPakFile: PakFile FullDirectoryIndexSize=142
[2022.03.05-11.00.17:114][  0]LogShaderLibrary: Display: ShaderCodeLibraryPakFileMountedCallback: PakFile 'D:/Epic Games/UE_4.27/FeaturePacks/TP_PuzzleBP.upack' (chunk index -1, root 'root:/') mounted
[2022.03.05-11.00.17:114][  0]LogShaderLibrary: Display: ShaderCodeLibraryPakFileMountedCallback: pending pak file info (ChunkID:-1 Root:root:/ File:D:/Epic Games/UE_4.27/FeaturePacks/TP_PuzzleBP.upack)
[2022.03.05-11.00.17:114][  0]LogPakFile: OnPakFileMounted2Time == 0.000164
[2022.03.05-11.00.17:116][  0]LogPakFile: PakFile PrimaryIndexSize=183
[2022.03.05-11.00.17:116][  0]LogPakFile: PakFile PathHashIndexSize=101
[2022.03.05-11.00.17:116][  0]LogPakFile: PakFile FullDirectoryIndexSize=140
[2022.03.05-11.00.17:116][  0]LogShaderLibrary: Display: ShaderCodeLibraryPakFileMountedCallback: PakFile 'D:/Epic Games/UE_4.27/FeaturePacks/TP_Rolling.upack' (chunk index -1, root 'root:/') mounted
[2022.03.05-11.00.17:117][  0]LogShaderLibrary: Display: ShaderCodeLibraryPakFileMountedCallback: pending pak file info (ChunkID:-1 Root:root:/ File:D:/Epic Games/UE_4.27/FeaturePacks/TP_Rolling.upack)
[2022.03.05-11.00.17:117][  0]LogPakFile: OnPakFileMounted2Time == 0.000195
[2022.03.05-11.00.17:119][  0]LogPakFile: PakFile PrimaryIndexSize=185
[2022.03.05-11.00.17:119][  0]LogPakFile: PakFile PathHashIndexSize=101
[2022.03.05-11.00.17:119][  0]LogPakFile: PakFile FullDirectoryIndexSize=144
[2022.03.05-11.00.17:119][  0]LogShaderLibrary: Display: ShaderCodeLibraryPakFileMountedCallback: PakFile 'D:/Epic Games/UE_4.27/FeaturePacks/TP_RollingBP.upack' (chunk index -1, root 'root:/') mounted
[2022.03.05-11.00.17:119][  0]LogShaderLibrary: Display: ShaderCodeLibraryPakFileMountedCallback: pending pak file info (ChunkID:-1 Root:root:/ File:D:/Epic Games/UE_4.27/FeaturePacks/TP_RollingBP.upack)
[2022.03.05-11.00.17:119][  0]LogPakFile: OnPakFileMounted2Time == 0.000422
[2022.03.05-11.00.17:123][  0]LogPakFile: PakFile PrimaryIndexSize=188
[2022.03.05-11.00.17:123][  0]LogPakFile: PakFile PathHashIndexSize=101
[2022.03.05-11.00.17:123][  0]LogPakFile: PakFile FullDirectoryIndexSize=150
[2022.03.05-11.00.17:123][  0]LogShaderLibrary: Display: ShaderCodeLibraryPakFileMountedCallback: PakFile 'D:/Epic Games/UE_4.27/FeaturePacks/TP_SideScroller.upack' (chunk index -1, root 'root:/') mounted
[2022.03.05-11.00.17:123][  0]LogShaderLibrary: Display: ShaderCodeLibraryPakFileMountedCallback: pending pak file info (ChunkID:-1 Root:root:/ File:D:/Epic Games/UE_4.27/FeaturePacks/TP_SideScroller.upack)
[2022.03.05-11.00.17:123][  0]LogPakFile: OnPakFileMounted2Time == 0.000291
[2022.03.05-11.00.17:126][  0]LogPakFile: PakFile PrimaryIndexSize=190
[2022.03.05-11.00.17:126][  0]LogPakFile: PakFile PathHashIndexSize=101
[2022.03.05-11.00.17:126][  0]LogPakFile: PakFile FullDirectoryIndexSize=154
[2022.03.05-11.00.17:126][  0]LogShaderLibrary: Display: ShaderCodeLibraryPakFileMountedCallback: PakFile 'D:/Epic Games/UE_4.27/FeaturePacks/TP_SideScrollerBP.upack' (chunk index -1, root 'root:/') mounted
[2022.03.05-11.00.17:126][  0]LogShaderLibrary: Display: ShaderCodeLibraryPakFileMountedCallback: pending pak file info (ChunkID:-1 Root:root:/ File:D:/Epic Games/UE_4.27/FeaturePacks/TP_SideScrollerBP.upack)
[2022.03.05-11.00.17:126][  0]LogPakFile: OnPakFileMounted2Time == 0.000164
[2022.03.05-11.00.17:128][  0]LogPakFile: PakFile PrimaryIndexSize=187
[2022.03.05-11.00.17:128][  0]LogPakFile: PakFile PathHashIndexSize=101
[2022.03.05-11.00.17:128][  0]LogPakFile: PakFile FullDirectoryIndexSize=148
[2022.03.05-11.00.17:128][  0]LogShaderLibrary: Display: ShaderCodeLibraryPakFileMountedCallback: PakFile 'D:/Epic Games/UE_4.27/FeaturePacks/TP_ThirdPerson.upack' (chunk index -1, root 'root:/') mounted
[2022.03.05-11.00.17:128][  0]LogShaderLibrary: Display: ShaderCodeLibraryPakFileMountedCallback: pending pak file info (ChunkID:-1 Root:root:/ File:D:/Epic Games/UE_4.27/FeaturePacks/TP_ThirdPerson.upack)
[2022.03.05-11.00.17:128][  0]LogPakFile: OnPakFileMounted2Time == 0.000160
[2022.03.05-11.00.17:130][  0]LogPakFile: PakFile PrimaryIndexSize=189
[2022.03.05-11.00.17:131][  0]LogPakFile: PakFile PathHashIndexSize=101
[2022.03.05-11.00.17:131][  0]LogPakFile: PakFile FullDirectoryIndexSize=152
[2022.03.05-11.00.17:131][  0]LogShaderLibrary: Display: ShaderCodeLibraryPakFileMountedCallback: PakFile 'D:/Epic Games/UE_4.27/FeaturePacks/TP_ThirdPersonBP.upack' (chunk index -1, root 'root:/') mounted
[2022.03.05-11.00.17:131][  0]LogShaderLibrary: Display: ShaderCodeLibraryPakFileMountedCallback: pending pak file info (ChunkID:-1 Root:root:/ File:D:/Epic Games/UE_4.27/FeaturePacks/TP_ThirdPersonBP.upack)
[2022.03.05-11.00.17:131][  0]LogPakFile: OnPakFileMounted2Time == 0.000158
[2022.03.05-11.00.17:133][  0]LogPakFile: PakFile PrimaryIndexSize=183
[2022.03.05-11.00.17:133][  0]LogPakFile: PakFile PathHashIndexSize=101
[2022.03.05-11.00.17:133][  0]LogPakFile: PakFile FullDirectoryIndexSize=140
[2022.03.05-11.00.17:133][  0]LogShaderLibrary: Display: ShaderCodeLibraryPakFileMountedCallback: PakFile 'D:/Epic Games/UE_4.27/FeaturePacks/TP_TopDown.upack' (chunk index -1, root 'root:/') mounted
[2022.03.05-11.00.17:133][  0]LogShaderLibrary: Display: ShaderCodeLibraryPakFileMountedCallback: pending pak file info (ChunkID:-1 Root:root:/ File:D:/Epic Games/UE_4.27/FeaturePacks/TP_TopDown.upack)
[2022.03.05-11.00.17:133][  0]LogPakFile: OnPakFileMounted2Time == 0.000187
[2022.03.05-11.00.17:135][  0]LogPakFile: PakFile PrimaryIndexSize=185
[2022.03.05-11.00.17:136][  0]LogPakFile: PakFile PathHashIndexSize=101
[2022.03.05-11.00.17:136][  0]LogPakFile: PakFile FullDirectoryIndexSize=144
[2022.03.05-11.00.17:136][  0]LogShaderLibrary: Display: ShaderCodeLibraryPakFileMountedCallback: PakFile 'D:/Epic Games/UE_4.27/FeaturePacks/TP_TopDownBP.upack' (chunk index -1, root 'root:/') mounted
[2022.03.05-11.00.17:136][  0]LogShaderLibrary: Display: ShaderCodeLibraryPakFileMountedCallback: pending pak file info (ChunkID:-1 Root:root:/ File:D:/Epic Games/UE_4.27/FeaturePacks/TP_TopDownBP.upack)
[2022.03.05-11.00.17:136][  0]LogPakFile: OnPakFileMounted2Time == 0.000162
[2022.03.05-11.00.17:138][  0]LogPakFile: PakFile PrimaryIndexSize=185
[2022.03.05-11.00.17:138][  0]LogPakFile: PakFile PathHashIndexSize=101
[2022.03.05-11.00.17:138][  0]LogPakFile: PakFile FullDirectoryIndexSize=144
[2022.03.05-11.00.17:139][  0]LogShaderLibrary: Display: ShaderCodeLibraryPakFileMountedCallback: PakFile 'D:/Epic Games/UE_4.27/FeaturePacks/TP_TwinStick.upack' (chunk index -1, root 'root:/') mounted
[2022.03.05-11.00.17:139][  0]LogShaderLibrary: Display: ShaderCodeLibraryPakFileMountedCallback: pending pak file info (ChunkID:-1 Root:root:/ File:D:/Epic Games/UE_4.27/FeaturePacks/TP_TwinStick.upack)
[2022.03.05-11.00.17:139][  0]LogPakFile: OnPakFileMounted2Time == 0.000185
[2022.03.05-11.00.17:141][  0]LogPakFile: PakFile PrimaryIndexSize=187
[2022.03.05-11.00.17:141][  0]LogPakFile: PakFile PathHashIndexSize=101
[2022.03.05-11.00.17:141][  0]LogPakFile: PakFile FullDirectoryIndexSize=148
[2022.03.05-11.00.17:141][  0]LogShaderLibrary: Display: ShaderCodeLibraryPakFileMountedCallback: PakFile 'D:/Epic Games/UE_4.27/FeaturePacks/TP_TwinStickBP.upack' (chunk index -1, root 'root:/') mounted
[2022.03.05-11.00.17:141][  0]LogShaderLibrary: Display: ShaderCodeLibraryPakFileMountedCallback: pending pak file info (ChunkID:-1 Root:root:/ File:D:/Epic Games/UE_4.27/FeaturePacks/TP_TwinStickBP.upack)
[2022.03.05-11.00.17:141][  0]LogPakFile: OnPakFileMounted2Time == 0.000160
[2022.03.05-11.00.17:143][  0]LogPakFile: PakFile PrimaryIndexSize=183
[2022.03.05-11.00.17:143][  0]LogPakFile: PakFile PathHashIndexSize=101
[2022.03.05-11.00.17:143][  0]LogPakFile: PakFile FullDirectoryIndexSize=140
[2022.03.05-11.00.17:144][  0]LogShaderLibrary: Display: ShaderCodeLibraryPakFileMountedCallback: PakFile 'D:/Epic Games/UE_4.27/FeaturePacks/TP_Vehicle.upack' (chunk index -1, root 'root:/') mounted
[2022.03.05-11.00.17:144][  0]LogShaderLibrary: Display: ShaderCodeLibraryPakFileMountedCallback: pending pak file info (ChunkID:-1 Root:root:/ File:D:/Epic Games/UE_4.27/FeaturePacks/TP_Vehicle.upack)
[2022.03.05-11.00.17:144][  0]LogPakFile: OnPakFileMounted2Time == 0.000179
[2022.03.05-11.00.17:146][  0]LogPakFile: PakFile PrimaryIndexSize=186
[2022.03.05-11.00.17:146][  0]LogPakFile: PakFile PathHashIndexSize=101
[2022.03.05-11.00.17:146][  0]LogPakFile: PakFile FullDirectoryIndexSize=146
[2022.03.05-11.00.17:147][  0]LogShaderLibrary: Display: ShaderCodeLibraryPakFileMountedCallback: PakFile 'D:/Epic Games/UE_4.27/FeaturePacks/TP_VehicleAdv.upack' (chunk index -1, root 'root:/') mounted
[2022.03.05-11.00.17:147][  0]LogShaderLibrary: Display: ShaderCodeLibraryPakFileMountedCallback: pending pak file info (ChunkID:-1 Root:root:/ File:D:/Epic Games/UE_4.27/FeaturePacks/TP_VehicleAdv.upack)
[2022.03.05-11.00.17:147][  0]LogPakFile: OnPakFileMounted2Time == 0.000289
[2022.03.05-11.00.17:150][  0]LogPakFile: PakFile PrimaryIndexSize=188
[2022.03.05-11.00.17:150][  0]LogPakFile: PakFile PathHashIndexSize=101
[2022.03.05-11.00.17:150][  0]LogPakFile: PakFile FullDirectoryIndexSize=150
[2022.03.05-11.00.17:150][  0]LogShaderLibrary: Display: ShaderCodeLibraryPakFileMountedCallback: PakFile 'D:/Epic Games/UE_4.27/FeaturePacks/TP_VehicleAdvBP.upack' (chunk index -1, root 'root:/') mounted
[2022.03.05-11.00.17:150][  0]LogShaderLibrary: Display: ShaderCodeLibraryPakFileMountedCallback: pending pak file info (ChunkID:-1 Root:root:/ File:D:/Epic Games/UE_4.27/FeaturePacks/TP_VehicleAdvBP.upack)
[2022.03.05-11.00.17:150][  0]LogPakFile: OnPakFileMounted2Time == 0.000221
[2022.03.05-11.00.17:154][  0]LogPakFile: PakFile PrimaryIndexSize=185
[2022.03.05-11.00.17:154][  0]LogPakFile: PakFile PathHashIndexSize=101
[2022.03.05-11.00.17:154][  0]LogPakFile: PakFile FullDirectoryIndexSize=144
[2022.03.05-11.00.17:154][  0]LogShaderLibrary: Display: ShaderCodeLibraryPakFileMountedCallback: PakFile 'D:/Epic Games/UE_4.27/FeaturePacks/TP_VehicleBP.upack' (chunk index -1, root 'root:/') mounted
[2022.03.05-11.00.17:154][  0]LogShaderLibrary: Display: ShaderCodeLibraryPakFileMountedCallback: pending pak file info (ChunkID:-1 Root:root:/ File:D:/Epic Games/UE_4.27/FeaturePacks/TP_VehicleBP.upack)
[2022.03.05-11.00.17:155][  0]LogPakFile: OnPakFileMounted2Time == 0.000318
[2022.03.05-11.00.17:158][  0]LogPakFile: PakFile PrimaryIndexSize=192
[2022.03.05-11.00.17:158][  0]LogPakFile: PakFile PathHashIndexSize=101
[2022.03.05-11.00.17:158][  0]LogPakFile: PakFile FullDirectoryIndexSize=158
[2022.03.05-11.00.17:158][  0]LogShaderLibrary: Display: ShaderCodeLibraryPakFileMountedCallback: PakFile 'D:/Epic Games/UE_4.27/FeaturePacks/TP_VirtualRealityBP.upack' (chunk index -1, root 'root:/') mounted
[2022.03.05-11.00.17:158][  0]LogShaderLibrary: Display: ShaderCodeLibraryPakFileMountedCallback: pending pak file info (ChunkID:-1 Root:root:/ File:D:/Epic Games/UE_4.27/FeaturePacks/TP_VirtualRealityBP.upack)
[2022.03.05-11.00.17:159][  0]LogPakFile: OnPakFileMounted2Time == 0.000303
[2022.03.05-11.00.17:315][  0]LogNativeClassHierarchy: Verbose: Native class hierarchy updated for 'AddContentDialog' in 0.0009 seconds. Added 0 classes and 0 folders.
[2022.03.05-11.00.18:546][  0]LogSlate: The tab "MoviePipelineQueue" attempted to spawn in layout 'LevelEditor_Layout_v1.2' but failed for some reason. It will not be displayed.
[2022.03.05-11.00.18:764][  0]LogNativeClassHierarchy: Verbose: Native class hierarchy updated for 'SceneOutliner' in 0.0010 seconds. Added 2 classes and 0 folders.
[2022.03.05-11.00.21:375][  0]LogSlate: Took 0.000643 seconds to synchronously load lazily loaded font '../../../Engine/Content/Slate/Fonts/Roboto-Regular.ttf' (155K)
[2022.03.05-11.00.21:418][  0]LogSlate: Took 0.036784 seconds to synchronously load lazily loaded font '../../../Engine/Content/Editor/Slate/Fonts/FontAwesome.ttf' (139K)
[2022.03.05-11.00.21:482][  0]LogSlate: Took 0.000565 seconds to synchronously load lazily loaded font '../../../Engine/Content/Slate/Fonts/Roboto-Bold.ttf' (160K)
[2022.03.05-11.00.22:983][  0]LogRenderer: Reallocating scene render targets to support 1232x536 Format 10 NumSamples 1 (Frame:1).
[2022.03.05-11.00.25:776][  0]LogNativeClassHierarchy: Verbose: Native class hierarchy updated for 'HierarchicalLODOutliner' in 0.0021 seconds. Added 0 classes and 0 folders.
[2022.03.05-11.00.25:777][  0]LogLoad: (Engine Initialization) Total time: 25.75 seconds
[2022.03.05-11.00.25:777][  0]LogLoad: (Engine Initialization) Total Blueprint compile time: 0.00 seconds
[2022.03.05-11.00.25:979][  0]LogContentStreaming: Texture pool size now 3000 MB
[2022.03.05-11.00.26:251][  0]LogSlate: Took 0.165110 seconds to synchronously load lazily loaded font '../../../Engine/Content/Slate/Fonts/DroidSansFallback.ttf' (3848K)
[2022.03.05-11.00.27:038][  2]LogSlate: Took 0.000572 seconds to synchronously load lazily loaded font '../../../Engine/Content/Slate/Fonts/Roboto-Light.ttf' (167K)
[2022.03.05-11.00.36:314][181]LogAssetRegistry: Asset discovery search completed in 30.8903 seconds
[2022.03.05-11.00.36:338][181]LogCollectionManager: Fixed up redirectors for 0 collections in 0.000015 seconds (updated 0 objects)
